ARM GAS  C:\Users\nikod\AppData\Local\Temp\ccjq4mVS.s 			page 1


   1              		.syntax unified
   2              		.cpu cortex-m3
   3              		.fpu softvfp
   4              		.eabi_attribute 20, 1
   5              		.eabi_attribute 21, 1
   6              		.eabi_attribute 23, 3
   7              		.eabi_attribute 24, 1
   8              		.eabi_attribute 25, 1
   9              		.eabi_attribute 26, 1
  10              		.eabi_attribute 30, 1
  11              		.eabi_attribute 34, 1
  12              		.eabi_attribute 18, 4
  13              		.thumb
  14              		.syntax unified
  15              		.file	"main.c"
  16              		.text
  17              	.Ltext0:
  18              		.cfi_sections	.debug_frame
  19              		.section	.text.InterrupRx,"ax",%progbits
  20              		.align	2
  21              		.global	InterrupRx
  22              		.thumb
  23              		.thumb_func
  24              		.type	InterrupRx, %function
  25              	InterrupRx:
  26              	.LFB68:
  27              		.file 1 "main.c"
   1:main.c        **** /* ========================================
   2:main.c        ****  * 
   3:main.c        ****  *
   4:main.c        ****  * ========================================
   5:main.c        **** */
   6:main.c        **** #include "project.h"
   7:main.c        **** #include <stdio.h>
   8:main.c        **** 
   9:main.c        **** #define DS1307_dir 0x68         
  10:main.c        **** #define ds1307_dir_memory 0x00
  11:main.c        **** #define direccion_de_registro_control 0x07
  12:main.c        **** #define registro_control 0b10010001
  13:main.c        **** 
  14:main.c        **** 
  15:main.c        **** typedef union
  16:main.c        **** {struct{
  17:main.c        ****   uint8_t sec;
  18:main.c        ****   uint8_t min;
  19:main.c        ****   uint8_t hour;
  20:main.c        ****   uint8_t weekDay;
  21:main.c        ****   uint8_t date;
  22:main.c        ****   uint8_t month;
  23:main.c        ****   uint8_t year;  
  24:main.c        **** };
  25:main.c        **** uint8_t datos[8];
  26:main.c        **** }rtc_t;
  27:main.c        **** 
  28:main.c        **** rtc_t ds;
  29:main.c        **** 
  30:main.c        **** 
ARM GAS  C:\Users\nikod\AppData\Local\Temp\ccjq4mVS.s 			page 2


  31:main.c        **** void DS_begintx (void){
  32:main.c        ****         do{
  33:main.c        ****                 //Espera mienstras el esclavo le responde
  34:main.c        ****         }while(I2C_MasterSendStart(DS1307_dir, I2C_WRITE_XFER_MODE)!=I2C_MSTR_NO_ERROR);
  35:main.c        **** }
  36:main.c        **** 
  37:main.c        **** void DS_init(void){
  38:main.c        ****     DS_begintx();
  39:main.c        ****     I2C_MasterWriteByte(direccion_de_registro_control);  
  40:main.c        ****     I2C_MasterWriteByte(registro_control);
  41:main.c        ****     I2C_MasterSendStop();
  42:main.c        **** }
  43:main.c        **** 
  44:main.c        **** void DS_set_data(){
  45:main.c        ****     uint8 i; 
  46:main.c        ****     
  47:main.c        ****     for(i=0;i<=7;i++){
  48:main.c        ****         DS_begintx();
  49:main.c        ****         I2C_MasterWriteByte(i);     // Escribe la posicion 
  50:main.c        ****         I2C_MasterWriteByte(ds.datos[i]);            // Escribe el dato correspondiente
  51:main.c        ****         I2C_MasterSendStop();
  52:main.c        ****     }
  53:main.c        **** }
  54:main.c        **** 
  55:main.c        **** void DS_get_data(){        
  56:main.c        ****         uint8 i;
  57:main.c        ****     
  58:main.c        ****     for(i=0;i<=7;i++){
  59:main.c        ****         DS_begintx();
  60:main.c        ****         I2C_MasterWriteByte(i);//Pone direccion de memoria que quiere leer 
  61:main.c        ****         I2C_MasterSendRestart(DS1307_dir, I2C_READ_XFER_MODE); // Re transmite para obtener datos
  62:main.c        ****         ds.datos[i]=I2C_MasterReadByte(I2C_NAK_DATA);
  63:main.c        ****         I2C_MasterSendStop();
  64:main.c        ****     }
  65:main.c        ****     
  66:main.c        **** }
  67:main.c        **** 
  68:main.c        **** CY_ISR(InterrupRx){
  28              		.loc 1 68 0
  29              		.cfi_startproc
  30              		@ args = 0, pretend = 0, frame = 0
  31              		@ frame_needed = 0, uses_anonymous_args = 0
  32 0000 08B5     		push	{r3, lr}
  33              		.cfi_def_cfa_offset 8
  34              		.cfi_offset 3, -8
  35              		.cfi_offset 14, -4
  69:main.c        ****     char dato;
  70:main.c        ****     dato=UART_GetChar();//recibe el dato del bluetooth
  36              		.loc 1 70 0
  37 0002 FFF7FEFF 		bl	UART_GetChar
  38              	.LVL0:
  71:main.c        ****     switch (dato){
  39              		.loc 1 71 0
  40 0006 4138     		subs	r0, r0, #65
  41              	.LVL1:
  42 0008 0328     		cmp	r0, #3
  43 000a 1ED8     		bhi	.L1
ARM GAS  C:\Users\nikod\AppData\Local\Temp\ccjq4mVS.s 			page 3


  44 000c DFE800F0 		tbb	[pc, r0]
  45              	.L4:
  46 0010 02       		.byte	(.L3-.L4)/2
  47 0011 09       		.byte	(.L5-.L4)/2
  48 0012 10       		.byte	(.L6-.L4)/2
  49 0013 17       		.byte	(.L7-.L4)/2
  50              		.p2align 1
  51              	.L3:
  72:main.c        ****         case 'A':
  73:main.c        ****         {
  74:main.c        ****             PINA_Write(~PINA_Read());            
  52              		.loc 1 74 0
  53 0014 FFF7FEFF 		bl	PINA_Read
  54              	.LVL2:
  55 0018 C043     		mvns	r0, r0
  56 001a C0B2     		uxtb	r0, r0
  57 001c FFF7FEFF 		bl	PINA_Write
  58              	.LVL3:
  75:main.c        ****             break;
  59              		.loc 1 75 0
  60 0020 08BD     		pop	{r3, pc}
  61              	.L5:
  76:main.c        ****         }
  77:main.c        ****         case 'B':{ 
  78:main.c        ****             PINB_Write(~PINB_Read());
  62              		.loc 1 78 0
  63 0022 FFF7FEFF 		bl	PINB_Read
  64              	.LVL4:
  65 0026 C043     		mvns	r0, r0
  66 0028 C0B2     		uxtb	r0, r0
  67 002a FFF7FEFF 		bl	PINB_Write
  68              	.LVL5:
  79:main.c        ****             break;
  69              		.loc 1 79 0
  70 002e 08BD     		pop	{r3, pc}
  71              	.L6:
  80:main.c        ****         }
  81:main.c        ****         case 'C':{
  82:main.c        ****             PINC_Write(~PINC_Read());            
  72              		.loc 1 82 0
  73 0030 FFF7FEFF 		bl	PINC_Read
  74              	.LVL6:
  75 0034 C043     		mvns	r0, r0
  76 0036 C0B2     		uxtb	r0, r0
  77 0038 FFF7FEFF 		bl	PINC_Write
  78              	.LVL7:
  83:main.c        ****             break;
  79              		.loc 1 83 0
  80 003c 08BD     		pop	{r3, pc}
  81              	.L7:
  84:main.c        ****         }
  85:main.c        ****         case 'D':{
  86:main.c        ****             PIND_Write(~PIND_Read());
  82              		.loc 1 86 0
  83 003e FFF7FEFF 		bl	PIND_Read
  84              	.LVL8:
  85 0042 C043     		mvns	r0, r0
ARM GAS  C:\Users\nikod\AppData\Local\Temp\ccjq4mVS.s 			page 4


  86 0044 C0B2     		uxtb	r0, r0
  87 0046 FFF7FEFF 		bl	PIND_Write
  88              	.LVL9:
  89              	.L1:
  90 004a 08BD     		pop	{r3, pc}
  91              		.cfi_endproc
  92              	.LFE68:
  93              		.size	InterrupRx, .-InterrupRx
  94              		.section	.text.DS_begintx,"ax",%progbits
  95              		.align	2
  96              		.global	DS_begintx
  97              		.thumb
  98              		.thumb_func
  99              		.type	DS_begintx, %function
 100              	DS_begintx:
 101              	.LFB64:
  31:main.c        ****         do{
 102              		.loc 1 31 0
 103              		.cfi_startproc
 104              		@ args = 0, pretend = 0, frame = 0
 105              		@ frame_needed = 0, uses_anonymous_args = 0
 106 0000 08B5     		push	{r3, lr}
 107              		.cfi_def_cfa_offset 8
 108              		.cfi_offset 3, -8
 109              		.cfi_offset 14, -4
 110              	.L10:
  34:main.c        **** }
 111              		.loc 1 34 0 discriminator 1
 112 0002 0021     		movs	r1, #0
 113 0004 6820     		movs	r0, #104
 114 0006 FFF7FEFF 		bl	I2C_MasterSendStart
 115              	.LVL10:
 116 000a 0028     		cmp	r0, #0
 117 000c F9D1     		bne	.L10
  35:main.c        **** 
 118              		.loc 1 35 0
 119 000e 08BD     		pop	{r3, pc}
 120              		.cfi_endproc
 121              	.LFE64:
 122              		.size	DS_begintx, .-DS_begintx
 123              		.section	.text.DS_init,"ax",%progbits
 124              		.align	2
 125              		.global	DS_init
 126              		.thumb
 127              		.thumb_func
 128              		.type	DS_init, %function
 129              	DS_init:
 130              	.LFB65:
  37:main.c        ****     DS_begintx();
 131              		.loc 1 37 0
 132              		.cfi_startproc
 133              		@ args = 0, pretend = 0, frame = 0
 134              		@ frame_needed = 0, uses_anonymous_args = 0
 135 0000 08B5     		push	{r3, lr}
 136              		.cfi_def_cfa_offset 8
 137              		.cfi_offset 3, -8
 138              		.cfi_offset 14, -4
ARM GAS  C:\Users\nikod\AppData\Local\Temp\ccjq4mVS.s 			page 5


  38:main.c        ****     I2C_MasterWriteByte(direccion_de_registro_control);  
 139              		.loc 1 38 0
 140 0002 FFF7FEFF 		bl	DS_begintx
 141              	.LVL11:
  39:main.c        ****     I2C_MasterWriteByte(registro_control);
 142              		.loc 1 39 0
 143 0006 0720     		movs	r0, #7
 144 0008 FFF7FEFF 		bl	I2C_MasterWriteByte
 145              	.LVL12:
  40:main.c        ****     I2C_MasterSendStop();
 146              		.loc 1 40 0
 147 000c 9120     		movs	r0, #145
 148 000e FFF7FEFF 		bl	I2C_MasterWriteByte
 149              	.LVL13:
  41:main.c        **** }
 150              		.loc 1 41 0
 151 0012 FFF7FEFF 		bl	I2C_MasterSendStop
 152              	.LVL14:
 153 0016 08BD     		pop	{r3, pc}
 154              		.cfi_endproc
 155              	.LFE65:
 156              		.size	DS_init, .-DS_init
 157              		.section	.text.DS_set_data,"ax",%progbits
 158              		.align	2
 159              		.global	DS_set_data
 160              		.thumb
 161              		.thumb_func
 162              		.type	DS_set_data, %function
 163              	DS_set_data:
 164              	.LFB66:
  44:main.c        ****     uint8 i; 
 165              		.loc 1 44 0
 166              		.cfi_startproc
 167              		@ args = 0, pretend = 0, frame = 0
 168              		@ frame_needed = 0, uses_anonymous_args = 0
 169 0000 10B5     		push	{r4, lr}
 170              		.cfi_def_cfa_offset 8
 171              		.cfi_offset 4, -8
 172              		.cfi_offset 14, -4
 173              	.LVL15:
  47:main.c        ****         DS_begintx();
 174              		.loc 1 47 0
 175 0002 0024     		movs	r4, #0
 176 0004 0CE0     		b	.L15
 177              	.LVL16:
 178              	.L16:
  48:main.c        ****         I2C_MasterWriteByte(i);     // Escribe la posicion 
 179              		.loc 1 48 0 discriminator 3
 180 0006 FFF7FEFF 		bl	DS_begintx
 181              	.LVL17:
  49:main.c        ****         I2C_MasterWriteByte(ds.datos[i]);            // Escribe el dato correspondiente
 182              		.loc 1 49 0 discriminator 3
 183 000a 2046     		mov	r0, r4
 184 000c FFF7FEFF 		bl	I2C_MasterWriteByte
 185              	.LVL18:
  50:main.c        ****         I2C_MasterSendStop();
 186              		.loc 1 50 0 discriminator 3
ARM GAS  C:\Users\nikod\AppData\Local\Temp\ccjq4mVS.s 			page 6


 187 0010 054B     		ldr	r3, .L18
 188 0012 185D     		ldrb	r0, [r3, r4]	@ zero_extendqisi2
 189 0014 FFF7FEFF 		bl	I2C_MasterWriteByte
 190              	.LVL19:
  51:main.c        ****     }
 191              		.loc 1 51 0 discriminator 3
 192 0018 FFF7FEFF 		bl	I2C_MasterSendStop
 193              	.LVL20:
  47:main.c        ****         DS_begintx();
 194              		.loc 1 47 0 discriminator 3
 195 001c 0134     		adds	r4, r4, #1
 196              	.LVL21:
 197 001e E4B2     		uxtb	r4, r4
 198              	.LVL22:
 199              	.L15:
  47:main.c        ****         DS_begintx();
 200              		.loc 1 47 0 is_stmt 0 discriminator 1
 201 0020 072C     		cmp	r4, #7
 202 0022 F0D9     		bls	.L16
  53:main.c        **** 
 203              		.loc 1 53 0 is_stmt 1
 204 0024 10BD     		pop	{r4, pc}
 205              	.LVL23:
 206              	.L19:
 207 0026 00BF     		.align	2
 208              	.L18:
 209 0028 00000000 		.word	ds
 210              		.cfi_endproc
 211              	.LFE66:
 212              		.size	DS_set_data, .-DS_set_data
 213              		.section	.text.DS_get_data,"ax",%progbits
 214              		.align	2
 215              		.global	DS_get_data
 216              		.thumb
 217              		.thumb_func
 218              		.type	DS_get_data, %function
 219              	DS_get_data:
 220              	.LFB67:
  55:main.c        ****         uint8 i;
 221              		.loc 1 55 0
 222              		.cfi_startproc
 223              		@ args = 0, pretend = 0, frame = 0
 224              		@ frame_needed = 0, uses_anonymous_args = 0
 225 0000 10B5     		push	{r4, lr}
 226              		.cfi_def_cfa_offset 8
 227              		.cfi_offset 4, -8
 228              		.cfi_offset 14, -4
 229              	.LVL24:
  58:main.c        ****         DS_begintx();
 230              		.loc 1 58 0
 231 0002 0024     		movs	r4, #0
 232 0004 11E0     		b	.L21
 233              	.LVL25:
 234              	.L22:
  59:main.c        ****         I2C_MasterWriteByte(i);//Pone direccion de memoria que quiere leer 
 235              		.loc 1 59 0 discriminator 3
 236 0006 FFF7FEFF 		bl	DS_begintx
ARM GAS  C:\Users\nikod\AppData\Local\Temp\ccjq4mVS.s 			page 7


 237              	.LVL26:
  60:main.c        ****         I2C_MasterSendRestart(DS1307_dir, I2C_READ_XFER_MODE); // Re transmite para obtener datos
 238              		.loc 1 60 0 discriminator 3
 239 000a 2046     		mov	r0, r4
 240 000c FFF7FEFF 		bl	I2C_MasterWriteByte
 241              	.LVL27:
  61:main.c        ****         ds.datos[i]=I2C_MasterReadByte(I2C_NAK_DATA);
 242              		.loc 1 61 0 discriminator 3
 243 0010 0121     		movs	r1, #1
 244 0012 6820     		movs	r0, #104
 245 0014 FFF7FEFF 		bl	I2C_MasterSendRestart
 246              	.LVL28:
  62:main.c        ****         I2C_MasterSendStop();
 247              		.loc 1 62 0 discriminator 3
 248 0018 0020     		movs	r0, #0
 249 001a FFF7FEFF 		bl	I2C_MasterReadByte
 250              	.LVL29:
 251 001e 044B     		ldr	r3, .L24
 252 0020 1855     		strb	r0, [r3, r4]
  63:main.c        ****     }
 253              		.loc 1 63 0 discriminator 3
 254 0022 FFF7FEFF 		bl	I2C_MasterSendStop
 255              	.LVL30:
  58:main.c        ****         DS_begintx();
 256              		.loc 1 58 0 discriminator 3
 257 0026 0134     		adds	r4, r4, #1
 258              	.LVL31:
 259 0028 E4B2     		uxtb	r4, r4
 260              	.LVL32:
 261              	.L21:
  58:main.c        ****         DS_begintx();
 262              		.loc 1 58 0 is_stmt 0 discriminator 1
 263 002a 072C     		cmp	r4, #7
 264 002c EBD9     		bls	.L22
  66:main.c        **** 
 265              		.loc 1 66 0 is_stmt 1
 266 002e 10BD     		pop	{r4, pc}
 267              	.LVL33:
 268              	.L25:
 269              		.align	2
 270              	.L24:
 271 0030 00000000 		.word	ds
 272              		.cfi_endproc
 273              	.LFE67:
 274              		.size	DS_get_data, .-DS_get_data
 275              		.section	.text.reloj,"ax",%progbits
 276              		.align	2
 277              		.global	reloj
 278              		.thumb
 279              		.thumb_func
 280              		.type	reloj, %function
 281              	reloj:
 282              	.LFB69:
  87:main.c        ****             break;
  88:main.c        ****         }
  89:main.c        ****         case 'S':
  90:main.c        ****         {
ARM GAS  C:\Users\nikod\AppData\Local\Temp\ccjq4mVS.s 			page 8


  91:main.c        ****             //PWM_WriteCompare2(255); 
  92:main.c        ****             break;
  93:main.c        ****         }
  94:main.c        ****         
  95:main.c        ****         case 'H':
  96:main.c        ****         {
  97:main.c        ****             break;
  98:main.c        ****         }        
  99:main.c        ****         default:
 100:main.c        ****         {
 101:main.c        ****             
 102:main.c        ****             
 103:main.c        ****             
 104:main.c        ****             break;
 105:main.c        ****         }
 106:main.c        ****     }
 107:main.c        **** }
 108:main.c        **** 
 109:main.c        **** 
 110:main.c        **** void reloj(){
 283              		.loc 1 110 0
 284              		.cfi_startproc
 285              		@ args = 0, pretend = 0, frame = 0
 286              		@ frame_needed = 0, uses_anonymous_args = 0
 287 0000 10B5     		push	{r4, lr}
 288              		.cfi_def_cfa_offset 8
 289              		.cfi_offset 4, -8
 290              		.cfi_offset 14, -4
 111:main.c        ****         LCD_PrintNumber(0x01&(ds.hour>>4));
 291              		.loc 1 111 0
 292 0002 124C     		ldr	r4, .L28
 293 0004 A078     		ldrb	r0, [r4, #2]	@ zero_extendqisi2
 294 0006 C0F30010 		ubfx	r0, r0, #4, #1
 295 000a FFF7FEFF 		bl	LCD_PrintU32Number
 296              	.LVL34:
 112:main.c        ****         LCD_PrintNumber((0b00001111)&ds.hour);
 297              		.loc 1 112 0
 298 000e A078     		ldrb	r0, [r4, #2]	@ zero_extendqisi2
 299 0010 00F00F00 		and	r0, r0, #15
 300 0014 FFF7FEFF 		bl	LCD_PrintU32Number
 301              	.LVL35:
 113:main.c        ****         LCD_PutChar(':');
 302              		.loc 1 113 0
 303 0018 3A20     		movs	r0, #58
 304 001a FFF7FEFF 		bl	LCD_PutChar
 305              	.LVL36:
 114:main.c        ****         LCD_PrintNumber(ds.min>>4);
 306              		.loc 1 114 0
 307 001e 6078     		ldrb	r0, [r4, #1]	@ zero_extendqisi2
 308 0020 0009     		lsrs	r0, r0, #4
 309 0022 FFF7FEFF 		bl	LCD_PrintU32Number
 310              	.LVL37:
 115:main.c        ****         LCD_PrintNumber((0b00001111)&ds.min);
 311              		.loc 1 115 0
 312 0026 6078     		ldrb	r0, [r4, #1]	@ zero_extendqisi2
 313 0028 00F00F00 		and	r0, r0, #15
 314 002c FFF7FEFF 		bl	LCD_PrintU32Number
ARM GAS  C:\Users\nikod\AppData\Local\Temp\ccjq4mVS.s 			page 9


 315              	.LVL38:
 116:main.c        ****         LCD_PutChar(':');       
 316              		.loc 1 116 0
 317 0030 3A20     		movs	r0, #58
 318 0032 FFF7FEFF 		bl	LCD_PutChar
 319              	.LVL39:
 117:main.c        ****         LCD_PrintNumber(ds.sec>>4);
 320              		.loc 1 117 0
 321 0036 2078     		ldrb	r0, [r4]	@ zero_extendqisi2
 322 0038 0009     		lsrs	r0, r0, #4
 323 003a FFF7FEFF 		bl	LCD_PrintU32Number
 324              	.LVL40:
 118:main.c        ****         LCD_PrintNumber((0b00001111)&ds.sec);
 325              		.loc 1 118 0
 326 003e 2078     		ldrb	r0, [r4]	@ zero_extendqisi2
 327 0040 00F00F00 		and	r0, r0, #15
 328 0044 FFF7FEFF 		bl	LCD_PrintU32Number
 329              	.LVL41:
 330 0048 10BD     		pop	{r4, pc}
 331              	.L29:
 332 004a 00BF     		.align	2
 333              	.L28:
 334 004c 00000000 		.word	ds
 335              		.cfi_endproc
 336              	.LFE69:
 337              		.size	reloj, .-reloj
 338              		.section	.text.main,"ax",%progbits
 339              		.align	2
 340              		.global	main
 341              		.thumb
 342              		.thumb_func
 343              		.type	main, %function
 344              	main:
 345              	.LFB70:
 119:main.c        **** }
 120:main.c        **** 
 121:main.c        **** int main(void)
 122:main.c        **** {
 346              		.loc 1 122 0
 347              		.cfi_startproc
 348              		@ Volatile: function does not return.
 349              		@ args = 0, pretend = 0, frame = 0
 350              		@ frame_needed = 0, uses_anonymous_args = 0
 351 0000 08B5     		push	{r3, lr}
 352              		.cfi_def_cfa_offset 8
 353              		.cfi_offset 3, -8
 354              		.cfi_offset 14, -4
 123:main.c        ****     
 124:main.c        ****     CyGlobalIntEnable; /* Enable global interrupts. */
 355              		.loc 1 124 0
 356              		.syntax unified
 357              	@ 124 "main.c" 1
 358 0002 62B6     		CPSIE   i
 359              	@ 0 "" 2
 125:main.c        ****     IRQRX_StartEx(InterrupRx);
 360              		.loc 1 125 0
 361              		.thumb
ARM GAS  C:\Users\nikod\AppData\Local\Temp\ccjq4mVS.s 			page 10


 362              		.syntax unified
 363 0004 1A48     		ldr	r0, .L33
 364 0006 FFF7FEFF 		bl	IRQRX_StartEx
 365              	.LVL42:
 126:main.c        ****     UART_Start();
 366              		.loc 1 126 0
 367 000a FFF7FEFF 		bl	UART_Start
 368              	.LVL43:
 127:main.c        ****     LCD_Start();
 369              		.loc 1 127 0
 370 000e FFF7FEFF 		bl	LCD_Start
 371              	.LVL44:
 128:main.c        ****     I2C_Start();
 372              		.loc 1 128 0
 373 0012 FFF7FEFF 		bl	I2C_Start
 374              	.LVL45:
 129:main.c        ****     PWM_Start();
 375              		.loc 1 129 0
 376 0016 FFF7FEFF 		bl	PWM_Start
 377              	.LVL46:
 130:main.c        ****     ds.hour = 0b00010001;
 378              		.loc 1 130 0
 379 001a 164B     		ldr	r3, .L33+4
 380 001c 1122     		movs	r2, #17
 381 001e 9A70     		strb	r2, [r3, #2]
 131:main.c        ****     ds.min =  0x51;
 382              		.loc 1 131 0
 383 0020 5122     		movs	r2, #81
 384 0022 5A70     		strb	r2, [r3, #1]
 132:main.c        ****     ds.sec =  0x00; //  11:05:30 am
 385              		.loc 1 132 0
 386 0024 0024     		movs	r4, #0
 387 0026 1C70     		strb	r4, [r3]
 133:main.c        ****     ds.date = 0x12; 
 388              		.loc 1 133 0
 389 0028 1222     		movs	r2, #18
 390 002a 1A71     		strb	r2, [r3, #4]
 134:main.c        ****     ds.month = 0x10;
 391              		.loc 1 134 0
 392 002c 1022     		movs	r2, #16
 393 002e 5A71     		strb	r2, [r3, #5]
 135:main.c        ****     ds.year = 0x18; //12 octubre 2018
 394              		.loc 1 135 0
 395 0030 1822     		movs	r2, #24
 396 0032 9A71     		strb	r2, [r3, #6]
 136:main.c        ****     ds.weekDay = 5; // Friday: 5th day of week considering monday as first day.;
 397              		.loc 1 136 0
 398 0034 0522     		movs	r2, #5
 399 0036 DA70     		strb	r2, [r3, #3]
 137:main.c        ****     //DS_init();//Configura 
 138:main.c        ****     //DS_set_data();  
 139:main.c        ****     PINA_Write(0);
 400              		.loc 1 139 0
 401 0038 2046     		mov	r0, r4
 402 003a FFF7FEFF 		bl	PINA_Write
 403              	.LVL47:
 140:main.c        ****     PINB_Write(0);
ARM GAS  C:\Users\nikod\AppData\Local\Temp\ccjq4mVS.s 			page 11


 404              		.loc 1 140 0
 405 003e 2046     		mov	r0, r4
 406 0040 FFF7FEFF 		bl	PINB_Write
 407              	.LVL48:
 141:main.c        ****     PINC_Write(0);
 408              		.loc 1 141 0
 409 0044 2046     		mov	r0, r4
 410 0046 FFF7FEFF 		bl	PINC_Write
 411              	.LVL49:
 142:main.c        ****     PIND_Write(0);
 412              		.loc 1 142 0
 413 004a 2046     		mov	r0, r4
 414 004c FFF7FEFF 		bl	PIND_Write
 415              	.LVL50:
 143:main.c        ****     PWM_WriteCompare2(0); 
 416              		.loc 1 143 0
 417 0050 2046     		mov	r0, r4
 418 0052 FFF7FEFF 		bl	PWM_WriteCompare2
 419              	.LVL51:
 420              	.L31:
 144:main.c        ****     for(;;)
 145:main.c        ****     {       
 146:main.c        ****         DS_get_data();     
 421              		.loc 1 146 0 discriminator 1
 422 0056 FFF7FEFF 		bl	DS_get_data
 423              	.LVL52:
 147:main.c        ****         LCD_Position(1,4);
 424              		.loc 1 147 0 discriminator 1
 425 005a 0421     		movs	r1, #4
 426 005c 0120     		movs	r0, #1
 427 005e FFF7FEFF 		bl	LCD_Position
 428              	.LVL53:
 148:main.c        ****         reloj();
 429              		.loc 1 148 0 discriminator 1
 430 0062 FFF7FEFF 		bl	reloj
 431              	.LVL54:
 149:main.c        ****         CyDelay(500);
 432              		.loc 1 149 0 discriminator 1
 433 0066 4FF4FA70 		mov	r0, #500
 434 006a FFF7FEFF 		bl	CyDelay
 435              	.LVL55:
 436 006e F2E7     		b	.L31
 437              	.L34:
 438              		.align	2
 439              	.L33:
 440 0070 00000000 		.word	InterrupRx
 441 0074 00000000 		.word	ds
 442              		.cfi_endproc
 443              	.LFE70:
 444              		.size	main, .-main
 445              		.comm	ds,8,4
 446              		.text
 447              	.Letext0:
 448              		.file 2 "c:\\program files (x86)\\cypress\\psoc creator\\4.2\\psoc creator\\import\\gnu\\arm\\5.4.
 449              		.file 3 "c:\\program files (x86)\\cypress\\psoc creator\\4.2\\psoc creator\\import\\gnu\\arm\\5.4.
 450              		.file 4 "Generated_Source\\PSoC5/cytypes.h"
 451              		.file 5 "Generated_Source\\PSoC5/UART.h"
ARM GAS  C:\Users\nikod\AppData\Local\Temp\ccjq4mVS.s 			page 12


 452              		.file 6 "Generated_Source\\PSoC5/PINA.h"
 453              		.file 7 "Generated_Source\\PSoC5/PINB.h"
 454              		.file 8 "Generated_Source\\PSoC5/PINC.h"
 455              		.file 9 "Generated_Source\\PSoC5/PIND.h"
 456              		.file 10 "Generated_Source\\PSoC5/I2C.h"
 457              		.file 11 "Generated_Source\\PSoC5/LCD.h"
 458              		.file 12 "Generated_Source\\PSoC5/IRQRX.h"
 459              		.file 13 "Generated_Source\\PSoC5/PWM.h"
 460              		.file 14 "Generated_Source\\PSoC5/CyLib.h"
 461              		.file 15 "Generated_Source\\PSoC5/core_cm3.h"
 462              		.section	.debug_info,"",%progbits
 463              	.Ldebug_info0:
 464 0000 A8050000 		.4byte	0x5a8
 465 0004 0400     		.2byte	0x4
 466 0006 00000000 		.4byte	.Ldebug_abbrev0
 467 000a 04       		.byte	0x4
 468 000b 01       		.uleb128 0x1
 469 000c B7020000 		.4byte	.LASF58
 470 0010 0C       		.byte	0xc
 471 0011 34020000 		.4byte	.LASF59
 472 0015 73010000 		.4byte	.LASF60
 473 0019 00000000 		.4byte	.Ldebug_ranges0+0
 474 001d 00000000 		.4byte	0
 475 0021 00000000 		.4byte	.Ldebug_line0
 476 0025 02       		.uleb128 0x2
 477 0026 01       		.byte	0x1
 478 0027 06       		.byte	0x6
 479 0028 3D010000 		.4byte	.LASF0
 480 002c 03       		.uleb128 0x3
 481 002d CF000000 		.4byte	.LASF4
 482 0031 02       		.byte	0x2
 483 0032 1D       		.byte	0x1d
 484 0033 37000000 		.4byte	0x37
 485 0037 02       		.uleb128 0x2
 486 0038 01       		.byte	0x1
 487 0039 08       		.byte	0x8
 488 003a 1C010000 		.4byte	.LASF1
 489 003e 02       		.uleb128 0x2
 490 003f 02       		.byte	0x2
 491 0040 05       		.byte	0x5
 492 0041 1B000000 		.4byte	.LASF2
 493 0045 02       		.uleb128 0x2
 494 0046 02       		.byte	0x2
 495 0047 07       		.byte	0x7
 496 0048 CB010000 		.4byte	.LASF3
 497 004c 03       		.uleb128 0x3
 498 004d 69020000 		.4byte	.LASF5
 499 0051 02       		.byte	0x2
 500 0052 3F       		.byte	0x3f
 501 0053 57000000 		.4byte	0x57
 502 0057 02       		.uleb128 0x2
 503 0058 04       		.byte	0x4
 504 0059 05       		.byte	0x5
 505 005a C6000000 		.4byte	.LASF6
 506 005e 02       		.uleb128 0x2
 507 005f 04       		.byte	0x4
 508 0060 07       		.byte	0x7
ARM GAS  C:\Users\nikod\AppData\Local\Temp\ccjq4mVS.s 			page 13


 509 0061 3B020000 		.4byte	.LASF7
 510 0065 02       		.uleb128 0x2
 511 0066 08       		.byte	0x8
 512 0067 05       		.byte	0x5
 513 0068 A6000000 		.4byte	.LASF8
 514 006c 02       		.uleb128 0x2
 515 006d 08       		.byte	0x8
 516 006e 07       		.byte	0x7
 517 006f 49010000 		.4byte	.LASF9
 518 0073 04       		.uleb128 0x4
 519 0074 04       		.byte	0x4
 520 0075 05       		.byte	0x5
 521 0076 696E7400 		.ascii	"int\000"
 522 007a 02       		.uleb128 0x2
 523 007b 04       		.byte	0x4
 524 007c 07       		.byte	0x7
 525 007d 60010000 		.4byte	.LASF10
 526 0081 03       		.uleb128 0x3
 527 0082 81000000 		.4byte	.LASF11
 528 0086 03       		.byte	0x3
 529 0087 18       		.byte	0x18
 530 0088 2C000000 		.4byte	0x2c
 531 008c 03       		.uleb128 0x3
 532 008d 0B020000 		.4byte	.LASF12
 533 0091 03       		.byte	0x3
 534 0092 2C       		.byte	0x2c
 535 0093 4C000000 		.4byte	0x4c
 536 0097 05       		.uleb128 0x5
 537 0098 89000000 		.4byte	.LASF13
 538 009c 04       		.byte	0x4
 539 009d E401     		.2byte	0x1e4
 540 009f 37000000 		.4byte	0x37
 541 00a3 05       		.uleb128 0x5
 542 00a4 7A000000 		.4byte	.LASF14
 543 00a8 04       		.byte	0x4
 544 00a9 E501     		.2byte	0x1e5
 545 00ab 45000000 		.4byte	0x45
 546 00af 02       		.uleb128 0x2
 547 00b0 04       		.byte	0x4
 548 00b1 04       		.byte	0x4
 549 00b2 A0000000 		.4byte	.LASF15
 550 00b6 02       		.uleb128 0x2
 551 00b7 08       		.byte	0x8
 552 00b8 04       		.byte	0x4
 553 00b9 9D020000 		.4byte	.LASF16
 554 00bd 02       		.uleb128 0x2
 555 00be 01       		.byte	0x1
 556 00bf 08       		.byte	0x8
 557 00c0 FB010000 		.4byte	.LASF17
 558 00c4 02       		.uleb128 0x2
 559 00c5 08       		.byte	0x8
 560 00c6 04       		.byte	0x4
 561 00c7 10010000 		.4byte	.LASF18
 562 00cb 02       		.uleb128 0x2
 563 00cc 04       		.byte	0x4
 564 00cd 07       		.byte	0x7
 565 00ce 7D020000 		.4byte	.LASF19
ARM GAS  C:\Users\nikod\AppData\Local\Temp\ccjq4mVS.s 			page 14


 566 00d2 06       		.uleb128 0x6
 567 00d3 07       		.byte	0x7
 568 00d4 01       		.byte	0x1
 569 00d5 10       		.byte	0x10
 570 00d6 2F010000 		.4byte	0x12f
 571 00da 07       		.uleb128 0x7
 572 00db 73656300 		.ascii	"sec\000"
 573 00df 01       		.byte	0x1
 574 00e0 11       		.byte	0x11
 575 00e1 81000000 		.4byte	0x81
 576 00e5 00       		.byte	0
 577 00e6 07       		.uleb128 0x7
 578 00e7 6D696E00 		.ascii	"min\000"
 579 00eb 01       		.byte	0x1
 580 00ec 12       		.byte	0x12
 581 00ed 81000000 		.4byte	0x81
 582 00f1 01       		.byte	0x1
 583 00f2 08       		.uleb128 0x8
 584 00f3 0B010000 		.4byte	.LASF20
 585 00f7 01       		.byte	0x1
 586 00f8 13       		.byte	0x13
 587 00f9 81000000 		.4byte	0x81
 588 00fd 02       		.byte	0x2
 589 00fe 08       		.uleb128 0x8
 590 00ff 6A030000 		.4byte	.LASF21
 591 0103 01       		.byte	0x1
 592 0104 14       		.byte	0x14
 593 0105 81000000 		.4byte	0x81
 594 0109 03       		.byte	0x3
 595 010a 08       		.uleb128 0x8
 596 010b 24020000 		.4byte	.LASF22
 597 010f 01       		.byte	0x1
 598 0110 15       		.byte	0x15
 599 0111 81000000 		.4byte	0x81
 600 0115 04       		.byte	0x4
 601 0116 08       		.uleb128 0x8
 602 0117 1E020000 		.4byte	.LASF23
 603 011b 01       		.byte	0x1
 604 011c 16       		.byte	0x16
 605 011d 81000000 		.4byte	0x81
 606 0121 05       		.byte	0x5
 607 0122 08       		.uleb128 0x8
 608 0123 16000000 		.4byte	.LASF24
 609 0127 01       		.byte	0x1
 610 0128 17       		.byte	0x17
 611 0129 81000000 		.4byte	0x81
 612 012d 06       		.byte	0x6
 613 012e 00       		.byte	0
 614 012f 09       		.uleb128 0x9
 615 0130 08       		.byte	0x8
 616 0131 01       		.byte	0x1
 617 0132 0F       		.byte	0xf
 618 0133 48010000 		.4byte	0x148
 619 0137 0A       		.uleb128 0xa
 620 0138 D2000000 		.4byte	0xd2
 621 013c 0B       		.uleb128 0xb
 622 013d A4020000 		.4byte	.LASF61
ARM GAS  C:\Users\nikod\AppData\Local\Temp\ccjq4mVS.s 			page 15


 623 0141 01       		.byte	0x1
 624 0142 19       		.byte	0x19
 625 0143 48010000 		.4byte	0x148
 626 0147 00       		.byte	0
 627 0148 0C       		.uleb128 0xc
 628 0149 81000000 		.4byte	0x81
 629 014d 58010000 		.4byte	0x158
 630 0151 0D       		.uleb128 0xd
 631 0152 CB000000 		.4byte	0xcb
 632 0156 07       		.byte	0x7
 633 0157 00       		.byte	0
 634 0158 03       		.uleb128 0x3
 635 0159 6D010000 		.4byte	.LASF25
 636 015d 01       		.byte	0x1
 637 015e 1A       		.byte	0x1a
 638 015f 2F010000 		.4byte	0x12f
 639 0163 0E       		.uleb128 0xe
 640 0164 B6010000 		.4byte	.LASF26
 641 0168 01       		.byte	0x1
 642 0169 44       		.byte	0x44
 643 016a 00000000 		.4byte	.LFB68
 644 016e 4C000000 		.4byte	.LFE68-.LFB68
 645 0172 01       		.uleb128 0x1
 646 0173 9C       		.byte	0x9c
 647 0174 D9010000 		.4byte	0x1d9
 648 0178 0F       		.uleb128 0xf
 649 0179 4D020000 		.4byte	.LASF29
 650 017d 01       		.byte	0x1
 651 017e 45       		.byte	0x45
 652 017f BD000000 		.4byte	0xbd
 653 0183 00000000 		.4byte	.LLST0
 654 0187 10       		.uleb128 0x10
 655 0188 06000000 		.4byte	.LVL0
 656 018c A3040000 		.4byte	0x4a3
 657 0190 10       		.uleb128 0x10
 658 0191 18000000 		.4byte	.LVL2
 659 0195 AE040000 		.4byte	0x4ae
 660 0199 10       		.uleb128 0x10
 661 019a 20000000 		.4byte	.LVL3
 662 019e B9040000 		.4byte	0x4b9
 663 01a2 10       		.uleb128 0x10
 664 01a3 26000000 		.4byte	.LVL4
 665 01a7 C4040000 		.4byte	0x4c4
 666 01ab 10       		.uleb128 0x10
 667 01ac 2E000000 		.4byte	.LVL5
 668 01b0 CF040000 		.4byte	0x4cf
 669 01b4 10       		.uleb128 0x10
 670 01b5 34000000 		.4byte	.LVL6
 671 01b9 DA040000 		.4byte	0x4da
 672 01bd 10       		.uleb128 0x10
 673 01be 3C000000 		.4byte	.LVL7
 674 01c2 E5040000 		.4byte	0x4e5
 675 01c6 10       		.uleb128 0x10
 676 01c7 42000000 		.4byte	.LVL8
 677 01cb F0040000 		.4byte	0x4f0
 678 01cf 10       		.uleb128 0x10
 679 01d0 4A000000 		.4byte	.LVL9
ARM GAS  C:\Users\nikod\AppData\Local\Temp\ccjq4mVS.s 			page 16


 680 01d4 FB040000 		.4byte	0x4fb
 681 01d8 00       		.byte	0
 682 01d9 0E       		.uleb128 0xe
 683 01da 56000000 		.4byte	.LASF27
 684 01de 01       		.byte	0x1
 685 01df 1F       		.byte	0x1f
 686 01e0 00000000 		.4byte	.LFB64
 687 01e4 10000000 		.4byte	.LFE64-.LFB64
 688 01e8 01       		.uleb128 0x1
 689 01e9 9C       		.byte	0x9c
 690 01ea 04020000 		.4byte	0x204
 691 01ee 11       		.uleb128 0x11
 692 01ef 0A000000 		.4byte	.LVL10
 693 01f3 06050000 		.4byte	0x506
 694 01f7 12       		.uleb128 0x12
 695 01f8 01       		.uleb128 0x1
 696 01f9 50       		.byte	0x50
 697 01fa 02       		.uleb128 0x2
 698 01fb 08       		.byte	0x8
 699 01fc 68       		.byte	0x68
 700 01fd 12       		.uleb128 0x12
 701 01fe 01       		.uleb128 0x1
 702 01ff 51       		.byte	0x51
 703 0200 01       		.uleb128 0x1
 704 0201 30       		.byte	0x30
 705 0202 00       		.byte	0
 706 0203 00       		.byte	0
 707 0204 0E       		.uleb128 0xe
 708 0205 2F000000 		.4byte	.LASF28
 709 0209 01       		.byte	0x1
 710 020a 25       		.byte	0x25
 711 020b 00000000 		.4byte	.LFB65
 712 020f 18000000 		.4byte	.LFE65-.LFB65
 713 0213 01       		.uleb128 0x1
 714 0214 9C       		.byte	0x9c
 715 0215 53020000 		.4byte	0x253
 716 0219 10       		.uleb128 0x10
 717 021a 06000000 		.4byte	.LVL11
 718 021e D9010000 		.4byte	0x1d9
 719 0222 13       		.uleb128 0x13
 720 0223 0C000000 		.4byte	.LVL12
 721 0227 11050000 		.4byte	0x511
 722 022b 35020000 		.4byte	0x235
 723 022f 12       		.uleb128 0x12
 724 0230 01       		.uleb128 0x1
 725 0231 50       		.byte	0x50
 726 0232 01       		.uleb128 0x1
 727 0233 37       		.byte	0x37
 728 0234 00       		.byte	0
 729 0235 13       		.uleb128 0x13
 730 0236 12000000 		.4byte	.LVL13
 731 023a 11050000 		.4byte	0x511
 732 023e 49020000 		.4byte	0x249
 733 0242 12       		.uleb128 0x12
 734 0243 01       		.uleb128 0x1
 735 0244 50       		.byte	0x50
 736 0245 02       		.uleb128 0x2
ARM GAS  C:\Users\nikod\AppData\Local\Temp\ccjq4mVS.s 			page 17


 737 0246 09       		.byte	0x9
 738 0247 91       		.byte	0x91
 739 0248 00       		.byte	0
 740 0249 10       		.uleb128 0x10
 741 024a 16000000 		.4byte	.LVL14
 742 024e 1C050000 		.4byte	0x51c
 743 0252 00       		.byte	0
 744 0253 14       		.uleb128 0x14
 745 0254 61000000 		.4byte	.LASF30
 746 0258 01       		.byte	0x1
 747 0259 2C       		.byte	0x2c
 748 025a 00000000 		.4byte	.LFB66
 749 025e 2C000000 		.4byte	.LFE66-.LFB66
 750 0262 01       		.uleb128 0x1
 751 0263 9C       		.byte	0x9c
 752 0264 A5020000 		.4byte	0x2a5
 753 0268 15       		.uleb128 0x15
 754 0269 6900     		.ascii	"i\000"
 755 026b 01       		.byte	0x1
 756 026c 2D       		.byte	0x2d
 757 026d 97000000 		.4byte	0x97
 758 0271 13000000 		.4byte	.LLST1
 759 0275 10       		.uleb128 0x10
 760 0276 0A000000 		.4byte	.LVL17
 761 027a D9010000 		.4byte	0x1d9
 762 027e 13       		.uleb128 0x13
 763 027f 10000000 		.4byte	.LVL18
 764 0283 11050000 		.4byte	0x511
 765 0287 92020000 		.4byte	0x292
 766 028b 12       		.uleb128 0x12
 767 028c 01       		.uleb128 0x1
 768 028d 50       		.byte	0x50
 769 028e 02       		.uleb128 0x2
 770 028f 74       		.byte	0x74
 771 0290 00       		.sleb128 0
 772 0291 00       		.byte	0
 773 0292 10       		.uleb128 0x10
 774 0293 18000000 		.4byte	.LVL19
 775 0297 11050000 		.4byte	0x511
 776 029b 10       		.uleb128 0x10
 777 029c 1C000000 		.4byte	.LVL20
 778 02a0 1C050000 		.4byte	0x51c
 779 02a4 00       		.byte	0
 780 02a5 14       		.uleb128 0x14
 781 02a6 4A000000 		.4byte	.LASF31
 782 02aa 01       		.byte	0x1
 783 02ab 37       		.byte	0x37
 784 02ac 00000000 		.4byte	.LFB67
 785 02b0 34000000 		.4byte	.LFE67-.LFB67
 786 02b4 01       		.uleb128 0x1
 787 02b5 9C       		.byte	0x9c
 788 02b6 1A030000 		.4byte	0x31a
 789 02ba 15       		.uleb128 0x15
 790 02bb 6900     		.ascii	"i\000"
 791 02bd 01       		.byte	0x1
 792 02be 38       		.byte	0x38
 793 02bf 97000000 		.4byte	0x97
ARM GAS  C:\Users\nikod\AppData\Local\Temp\ccjq4mVS.s 			page 18


 794 02c3 3D000000 		.4byte	.LLST2
 795 02c7 10       		.uleb128 0x10
 796 02c8 0A000000 		.4byte	.LVL26
 797 02cc D9010000 		.4byte	0x1d9
 798 02d0 13       		.uleb128 0x13
 799 02d1 10000000 		.4byte	.LVL27
 800 02d5 11050000 		.4byte	0x511
 801 02d9 E4020000 		.4byte	0x2e4
 802 02dd 12       		.uleb128 0x12
 803 02de 01       		.uleb128 0x1
 804 02df 50       		.byte	0x50
 805 02e0 02       		.uleb128 0x2
 806 02e1 74       		.byte	0x74
 807 02e2 00       		.sleb128 0
 808 02e3 00       		.byte	0
 809 02e4 13       		.uleb128 0x13
 810 02e5 18000000 		.4byte	.LVL28
 811 02e9 27050000 		.4byte	0x527
 812 02ed FD020000 		.4byte	0x2fd
 813 02f1 12       		.uleb128 0x12
 814 02f2 01       		.uleb128 0x1
 815 02f3 50       		.byte	0x50
 816 02f4 02       		.uleb128 0x2
 817 02f5 08       		.byte	0x8
 818 02f6 68       		.byte	0x68
 819 02f7 12       		.uleb128 0x12
 820 02f8 01       		.uleb128 0x1
 821 02f9 51       		.byte	0x51
 822 02fa 01       		.uleb128 0x1
 823 02fb 31       		.byte	0x31
 824 02fc 00       		.byte	0
 825 02fd 13       		.uleb128 0x13
 826 02fe 1E000000 		.4byte	.LVL29
 827 0302 32050000 		.4byte	0x532
 828 0306 10030000 		.4byte	0x310
 829 030a 12       		.uleb128 0x12
 830 030b 01       		.uleb128 0x1
 831 030c 50       		.byte	0x50
 832 030d 01       		.uleb128 0x1
 833 030e 30       		.byte	0x30
 834 030f 00       		.byte	0
 835 0310 10       		.uleb128 0x10
 836 0311 26000000 		.4byte	.LVL30
 837 0315 1C050000 		.4byte	0x51c
 838 0319 00       		.byte	0
 839 031a 14       		.uleb128 0x14
 840 031b 8F000000 		.4byte	.LASF32
 841 031f 01       		.byte	0x1
 842 0320 6E       		.byte	0x6e
 843 0321 00000000 		.4byte	.LFB69
 844 0325 50000000 		.4byte	.LFE69-.LFB69
 845 0329 01       		.uleb128 0x1
 846 032a 9C       		.byte	0x9c
 847 032b 8E030000 		.4byte	0x38e
 848 032f 10       		.uleb128 0x10
 849 0330 0E000000 		.4byte	.LVL34
 850 0334 3D050000 		.4byte	0x53d
ARM GAS  C:\Users\nikod\AppData\Local\Temp\ccjq4mVS.s 			page 19


 851 0338 10       		.uleb128 0x10
 852 0339 18000000 		.4byte	.LVL35
 853 033d 3D050000 		.4byte	0x53d
 854 0341 13       		.uleb128 0x13
 855 0342 1E000000 		.4byte	.LVL36
 856 0346 48050000 		.4byte	0x548
 857 034a 55030000 		.4byte	0x355
 858 034e 12       		.uleb128 0x12
 859 034f 01       		.uleb128 0x1
 860 0350 50       		.byte	0x50
 861 0351 02       		.uleb128 0x2
 862 0352 08       		.byte	0x8
 863 0353 3A       		.byte	0x3a
 864 0354 00       		.byte	0
 865 0355 10       		.uleb128 0x10
 866 0356 26000000 		.4byte	.LVL37
 867 035a 3D050000 		.4byte	0x53d
 868 035e 10       		.uleb128 0x10
 869 035f 30000000 		.4byte	.LVL38
 870 0363 3D050000 		.4byte	0x53d
 871 0367 13       		.uleb128 0x13
 872 0368 36000000 		.4byte	.LVL39
 873 036c 48050000 		.4byte	0x548
 874 0370 7B030000 		.4byte	0x37b
 875 0374 12       		.uleb128 0x12
 876 0375 01       		.uleb128 0x1
 877 0376 50       		.byte	0x50
 878 0377 02       		.uleb128 0x2
 879 0378 08       		.byte	0x8
 880 0379 3A       		.byte	0x3a
 881 037a 00       		.byte	0
 882 037b 10       		.uleb128 0x10
 883 037c 3E000000 		.4byte	.LVL40
 884 0380 3D050000 		.4byte	0x53d
 885 0384 10       		.uleb128 0x10
 886 0385 48000000 		.4byte	.LVL41
 887 0389 3D050000 		.4byte	0x53d
 888 038d 00       		.byte	0
 889 038e 16       		.uleb128 0x16
 890 038f 45000000 		.4byte	.LASF62
 891 0393 01       		.byte	0x1
 892 0394 79       		.byte	0x79
 893 0395 73000000 		.4byte	0x73
 894 0399 00000000 		.4byte	.LFB70
 895 039d 78000000 		.4byte	.LFE70-.LFB70
 896 03a1 01       		.uleb128 0x1
 897 03a2 9C       		.byte	0x9c
 898 03a3 82040000 		.4byte	0x482
 899 03a7 13       		.uleb128 0x13
 900 03a8 0A000000 		.4byte	.LVL42
 901 03ac 53050000 		.4byte	0x553
 902 03b0 BE030000 		.4byte	0x3be
 903 03b4 12       		.uleb128 0x12
 904 03b5 01       		.uleb128 0x1
 905 03b6 50       		.byte	0x50
 906 03b7 05       		.uleb128 0x5
 907 03b8 03       		.byte	0x3
ARM GAS  C:\Users\nikod\AppData\Local\Temp\ccjq4mVS.s 			page 20


 908 03b9 00000000 		.4byte	InterrupRx
 909 03bd 00       		.byte	0
 910 03be 10       		.uleb128 0x10
 911 03bf 0E000000 		.4byte	.LVL43
 912 03c3 5E050000 		.4byte	0x55e
 913 03c7 10       		.uleb128 0x10
 914 03c8 12000000 		.4byte	.LVL44
 915 03cc 69050000 		.4byte	0x569
 916 03d0 10       		.uleb128 0x10
 917 03d1 16000000 		.4byte	.LVL45
 918 03d5 74050000 		.4byte	0x574
 919 03d9 10       		.uleb128 0x10
 920 03da 1A000000 		.4byte	.LVL46
 921 03de 7F050000 		.4byte	0x57f
 922 03e2 13       		.uleb128 0x13
 923 03e3 3E000000 		.4byte	.LVL47
 924 03e7 B9040000 		.4byte	0x4b9
 925 03eb F6030000 		.4byte	0x3f6
 926 03ef 12       		.uleb128 0x12
 927 03f0 01       		.uleb128 0x1
 928 03f1 50       		.byte	0x50
 929 03f2 02       		.uleb128 0x2
 930 03f3 74       		.byte	0x74
 931 03f4 00       		.sleb128 0
 932 03f5 00       		.byte	0
 933 03f6 13       		.uleb128 0x13
 934 03f7 44000000 		.4byte	.LVL48
 935 03fb CF040000 		.4byte	0x4cf
 936 03ff 0A040000 		.4byte	0x40a
 937 0403 12       		.uleb128 0x12
 938 0404 01       		.uleb128 0x1
 939 0405 50       		.byte	0x50
 940 0406 02       		.uleb128 0x2
 941 0407 74       		.byte	0x74
 942 0408 00       		.sleb128 0
 943 0409 00       		.byte	0
 944 040a 13       		.uleb128 0x13
 945 040b 4A000000 		.4byte	.LVL49
 946 040f E5040000 		.4byte	0x4e5
 947 0413 1E040000 		.4byte	0x41e
 948 0417 12       		.uleb128 0x12
 949 0418 01       		.uleb128 0x1
 950 0419 50       		.byte	0x50
 951 041a 02       		.uleb128 0x2
 952 041b 74       		.byte	0x74
 953 041c 00       		.sleb128 0
 954 041d 00       		.byte	0
 955 041e 13       		.uleb128 0x13
 956 041f 50000000 		.4byte	.LVL50
 957 0423 FB040000 		.4byte	0x4fb
 958 0427 32040000 		.4byte	0x432
 959 042b 12       		.uleb128 0x12
 960 042c 01       		.uleb128 0x1
 961 042d 50       		.byte	0x50
 962 042e 02       		.uleb128 0x2
 963 042f 74       		.byte	0x74
 964 0430 00       		.sleb128 0
ARM GAS  C:\Users\nikod\AppData\Local\Temp\ccjq4mVS.s 			page 21


 965 0431 00       		.byte	0
 966 0432 13       		.uleb128 0x13
 967 0433 56000000 		.4byte	.LVL51
 968 0437 8A050000 		.4byte	0x58a
 969 043b 46040000 		.4byte	0x446
 970 043f 12       		.uleb128 0x12
 971 0440 01       		.uleb128 0x1
 972 0441 50       		.byte	0x50
 973 0442 02       		.uleb128 0x2
 974 0443 74       		.byte	0x74
 975 0444 00       		.sleb128 0
 976 0445 00       		.byte	0
 977 0446 10       		.uleb128 0x10
 978 0447 5A000000 		.4byte	.LVL52
 979 044b A5020000 		.4byte	0x2a5
 980 044f 13       		.uleb128 0x13
 981 0450 62000000 		.4byte	.LVL53
 982 0454 95050000 		.4byte	0x595
 983 0458 67040000 		.4byte	0x467
 984 045c 12       		.uleb128 0x12
 985 045d 01       		.uleb128 0x1
 986 045e 50       		.byte	0x50
 987 045f 01       		.uleb128 0x1
 988 0460 31       		.byte	0x31
 989 0461 12       		.uleb128 0x12
 990 0462 01       		.uleb128 0x1
 991 0463 51       		.byte	0x51
 992 0464 01       		.uleb128 0x1
 993 0465 34       		.byte	0x34
 994 0466 00       		.byte	0
 995 0467 10       		.uleb128 0x10
 996 0468 66000000 		.4byte	.LVL54
 997 046c 1A030000 		.4byte	0x31a
 998 0470 11       		.uleb128 0x11
 999 0471 6E000000 		.4byte	.LVL55
 1000 0475 A0050000 		.4byte	0x5a0
 1001 0479 12       		.uleb128 0x12
 1002 047a 01       		.uleb128 0x1
 1003 047b 50       		.byte	0x50
 1004 047c 03       		.uleb128 0x3
 1005 047d 0A       		.byte	0xa
 1006 047e F401     		.2byte	0x1f4
 1007 0480 00       		.byte	0
 1008 0481 00       		.byte	0
 1009 0482 17       		.uleb128 0x17
 1010 0483 AA020000 		.4byte	.LASF33
 1011 0487 0F       		.byte	0xf
 1012 0488 1207     		.2byte	0x712
 1013 048a 8E040000 		.4byte	0x48e
 1014 048e 18       		.uleb128 0x18
 1015 048f 8C000000 		.4byte	0x8c
 1016 0493 19       		.uleb128 0x19
 1017 0494 647300   		.ascii	"ds\000"
 1018 0497 01       		.byte	0x1
 1019 0498 1C       		.byte	0x1c
 1020 0499 58010000 		.4byte	0x158
 1021 049d 05       		.uleb128 0x5
ARM GAS  C:\Users\nikod\AppData\Local\Temp\ccjq4mVS.s 			page 22


 1022 049e 03       		.byte	0x3
 1023 049f 00000000 		.4byte	ds
 1024 04a3 1A       		.uleb128 0x1a
 1025 04a4 6D000000 		.4byte	.LASF34
 1026 04a8 6D000000 		.4byte	.LASF34
 1027 04ac 05       		.byte	0x5
 1028 04ad 71       		.byte	0x71
 1029 04ae 1A       		.uleb128 0x1a
 1030 04af DE010000 		.4byte	.LASF35
 1031 04b3 DE010000 		.4byte	.LASF35
 1032 04b7 06       		.byte	0x6
 1033 04b8 29       		.byte	0x29
 1034 04b9 1A       		.uleb128 0x1a
 1035 04ba 13020000 		.4byte	.LASF36
 1036 04be 13020000 		.4byte	.LASF36
 1037 04c2 06       		.byte	0x6
 1038 04c3 26       		.byte	0x26
 1039 04c4 1A       		.uleb128 0x1a
 1040 04c5 93020000 		.4byte	.LASF37
 1041 04c9 93020000 		.4byte	.LASF37
 1042 04cd 07       		.byte	0x7
 1043 04ce 29       		.byte	0x29
 1044 04cf 1A       		.uleb128 0x1a
 1045 04d0 29020000 		.4byte	.LASF38
 1046 04d4 29020000 		.4byte	.LASF38
 1047 04d8 07       		.byte	0x7
 1048 04d9 26       		.byte	0x26
 1049 04da 1A       		.uleb128 0x1a
 1050 04db 25000000 		.4byte	.LASF39
 1051 04df 25000000 		.4byte	.LASF39
 1052 04e3 08       		.byte	0x8
 1053 04e4 29       		.byte	0x29
 1054 04e5 1A       		.uleb128 0x1a
 1055 04e6 95000000 		.4byte	.LASF40
 1056 04ea 95000000 		.4byte	.LASF40
 1057 04ee 08       		.byte	0x8
 1058 04ef 26       		.byte	0x26
 1059 04f0 1A       		.uleb128 0x1a
 1060 04f1 C1010000 		.4byte	.LASF41
 1061 04f5 C1010000 		.4byte	.LASF41
 1062 04f9 09       		.byte	0x9
 1063 04fa 29       		.byte	0x29
 1064 04fb 1A       		.uleb128 0x1a
 1065 04fc 5E020000 		.4byte	.LASF42
 1066 0500 5E020000 		.4byte	.LASF42
 1067 0504 09       		.byte	0x9
 1068 0505 26       		.byte	0x26
 1069 0506 1A       		.uleb128 0x1a
 1070 0507 D9000000 		.4byte	.LASF43
 1071 050b D9000000 		.4byte	.LASF43
 1072 050f 0A       		.byte	0xa
 1073 0510 B1       		.byte	0xb1
 1074 0511 1A       		.uleb128 0x1a
 1075 0512 ED000000 		.4byte	.LASF44
 1076 0516 ED000000 		.4byte	.LASF44
 1077 051a 0A       		.byte	0xa
 1078 051b B6       		.byte	0xb6
ARM GAS  C:\Users\nikod\AppData\Local\Temp\ccjq4mVS.s 			page 23


 1079 051c 1A       		.uleb128 0x1a
 1080 051d 57030000 		.4byte	.LASF45
 1081 0521 57030000 		.4byte	.LASF45
 1082 0525 0A       		.byte	0xa
 1083 0526 B5       		.byte	0xb5
 1084 0527 1A       		.uleb128 0x1a
 1085 0528 00000000 		.4byte	.LASF46
 1086 052c 00000000 		.4byte	.LASF46
 1087 0530 0A       		.byte	0xa
 1088 0531 B3       		.byte	0xb3
 1089 0532 1A       		.uleb128 0x1a
 1090 0533 2A010000 		.4byte	.LASF47
 1091 0537 2A010000 		.4byte	.LASF47
 1092 053b 0A       		.byte	0xa
 1093 053c B7       		.byte	0xb7
 1094 053d 1A       		.uleb128 0x1a
 1095 053e E8010000 		.4byte	.LASF48
 1096 0542 E8010000 		.4byte	.LASF48
 1097 0546 0B       		.byte	0xb
 1098 0547 61       		.byte	0x61
 1099 0548 1A       		.uleb128 0x1a
 1100 0549 52020000 		.4byte	.LASF49
 1101 054d 52020000 		.4byte	.LASF49
 1102 0551 0B       		.byte	0xb
 1103 0552 3E       		.byte	0x3e
 1104 0553 1A       		.uleb128 0x1a
 1105 0554 37000000 		.4byte	.LASF50
 1106 0558 37000000 		.4byte	.LASF50
 1107 055c 0C       		.byte	0xc
 1108 055d 18       		.byte	0x18
 1109 055e 1A       		.uleb128 0x1a
 1110 055f 00020000 		.4byte	.LASF51
 1111 0563 00020000 		.4byte	.LASF51
 1112 0567 05       		.byte	0x5
 1113 0568 54       		.byte	0x54
 1114 0569 1A       		.uleb128 0x1a
 1115 056a 01010000 		.4byte	.LASF52
 1116 056e 01010000 		.4byte	.LASF52
 1117 0572 0B       		.byte	0xb
 1118 0573 38       		.byte	0x38
 1119 0574 1A       		.uleb128 0x1a
 1120 0575 4D030000 		.4byte	.LASF53
 1121 0579 4D030000 		.4byte	.LASF53
 1122 057d 0A       		.byte	0xa
 1123 057e 93       		.byte	0x93
 1124 057f 1A       		.uleb128 0x1a
 1125 0580 73020000 		.4byte	.LASF54
 1126 0584 73020000 		.4byte	.LASF54
 1127 0588 0D       		.byte	0xd
 1128 0589 92       		.byte	0x92
 1129 058a 1A       		.uleb128 0x1a
 1130 058b B4000000 		.4byte	.LASF55
 1131 058f B4000000 		.4byte	.LASF55
 1132 0593 0D       		.byte	0xd
 1133 0594 CA       		.byte	0xca
 1134 0595 1A       		.uleb128 0x1a
 1135 0596 86020000 		.4byte	.LASF56
ARM GAS  C:\Users\nikod\AppData\Local\Temp\ccjq4mVS.s 			page 24


 1136 059a 86020000 		.4byte	.LASF56
 1137 059e 0B       		.byte	0xb
 1138 059f 3D       		.byte	0x3d
 1139 05a0 1A       		.uleb128 0x1a
 1140 05a1 45030000 		.4byte	.LASF57
 1141 05a5 45030000 		.4byte	.LASF57
 1142 05a9 0E       		.byte	0xe
 1143 05aa 76       		.byte	0x76
 1144 05ab 00       		.byte	0
 1145              		.section	.debug_abbrev,"",%progbits
 1146              	.Ldebug_abbrev0:
 1147 0000 01       		.uleb128 0x1
 1148 0001 11       		.uleb128 0x11
 1149 0002 01       		.byte	0x1
 1150 0003 25       		.uleb128 0x25
 1151 0004 0E       		.uleb128 0xe
 1152 0005 13       		.uleb128 0x13
 1153 0006 0B       		.uleb128 0xb
 1154 0007 03       		.uleb128 0x3
 1155 0008 0E       		.uleb128 0xe
 1156 0009 1B       		.uleb128 0x1b
 1157 000a 0E       		.uleb128 0xe
 1158 000b 55       		.uleb128 0x55
 1159 000c 17       		.uleb128 0x17
 1160 000d 11       		.uleb128 0x11
 1161 000e 01       		.uleb128 0x1
 1162 000f 10       		.uleb128 0x10
 1163 0010 17       		.uleb128 0x17
 1164 0011 00       		.byte	0
 1165 0012 00       		.byte	0
 1166 0013 02       		.uleb128 0x2
 1167 0014 24       		.uleb128 0x24
 1168 0015 00       		.byte	0
 1169 0016 0B       		.uleb128 0xb
 1170 0017 0B       		.uleb128 0xb
 1171 0018 3E       		.uleb128 0x3e
 1172 0019 0B       		.uleb128 0xb
 1173 001a 03       		.uleb128 0x3
 1174 001b 0E       		.uleb128 0xe
 1175 001c 00       		.byte	0
 1176 001d 00       		.byte	0
 1177 001e 03       		.uleb128 0x3
 1178 001f 16       		.uleb128 0x16
 1179 0020 00       		.byte	0
 1180 0021 03       		.uleb128 0x3
 1181 0022 0E       		.uleb128 0xe
 1182 0023 3A       		.uleb128 0x3a
 1183 0024 0B       		.uleb128 0xb
 1184 0025 3B       		.uleb128 0x3b
 1185 0026 0B       		.uleb128 0xb
 1186 0027 49       		.uleb128 0x49
 1187 0028 13       		.uleb128 0x13
 1188 0029 00       		.byte	0
 1189 002a 00       		.byte	0
 1190 002b 04       		.uleb128 0x4
 1191 002c 24       		.uleb128 0x24
 1192 002d 00       		.byte	0
ARM GAS  C:\Users\nikod\AppData\Local\Temp\ccjq4mVS.s 			page 25


 1193 002e 0B       		.uleb128 0xb
 1194 002f 0B       		.uleb128 0xb
 1195 0030 3E       		.uleb128 0x3e
 1196 0031 0B       		.uleb128 0xb
 1197 0032 03       		.uleb128 0x3
 1198 0033 08       		.uleb128 0x8
 1199 0034 00       		.byte	0
 1200 0035 00       		.byte	0
 1201 0036 05       		.uleb128 0x5
 1202 0037 16       		.uleb128 0x16
 1203 0038 00       		.byte	0
 1204 0039 03       		.uleb128 0x3
 1205 003a 0E       		.uleb128 0xe
 1206 003b 3A       		.uleb128 0x3a
 1207 003c 0B       		.uleb128 0xb
 1208 003d 3B       		.uleb128 0x3b
 1209 003e 05       		.uleb128 0x5
 1210 003f 49       		.uleb128 0x49
 1211 0040 13       		.uleb128 0x13
 1212 0041 00       		.byte	0
 1213 0042 00       		.byte	0
 1214 0043 06       		.uleb128 0x6
 1215 0044 13       		.uleb128 0x13
 1216 0045 01       		.byte	0x1
 1217 0046 0B       		.uleb128 0xb
 1218 0047 0B       		.uleb128 0xb
 1219 0048 3A       		.uleb128 0x3a
 1220 0049 0B       		.uleb128 0xb
 1221 004a 3B       		.uleb128 0x3b
 1222 004b 0B       		.uleb128 0xb
 1223 004c 01       		.uleb128 0x1
 1224 004d 13       		.uleb128 0x13
 1225 004e 00       		.byte	0
 1226 004f 00       		.byte	0
 1227 0050 07       		.uleb128 0x7
 1228 0051 0D       		.uleb128 0xd
 1229 0052 00       		.byte	0
 1230 0053 03       		.uleb128 0x3
 1231 0054 08       		.uleb128 0x8
 1232 0055 3A       		.uleb128 0x3a
 1233 0056 0B       		.uleb128 0xb
 1234 0057 3B       		.uleb128 0x3b
 1235 0058 0B       		.uleb128 0xb
 1236 0059 49       		.uleb128 0x49
 1237 005a 13       		.uleb128 0x13
 1238 005b 38       		.uleb128 0x38
 1239 005c 0B       		.uleb128 0xb
 1240 005d 00       		.byte	0
 1241 005e 00       		.byte	0
 1242 005f 08       		.uleb128 0x8
 1243 0060 0D       		.uleb128 0xd
 1244 0061 00       		.byte	0
 1245 0062 03       		.uleb128 0x3
 1246 0063 0E       		.uleb128 0xe
 1247 0064 3A       		.uleb128 0x3a
 1248 0065 0B       		.uleb128 0xb
 1249 0066 3B       		.uleb128 0x3b
ARM GAS  C:\Users\nikod\AppData\Local\Temp\ccjq4mVS.s 			page 26


 1250 0067 0B       		.uleb128 0xb
 1251 0068 49       		.uleb128 0x49
 1252 0069 13       		.uleb128 0x13
 1253 006a 38       		.uleb128 0x38
 1254 006b 0B       		.uleb128 0xb
 1255 006c 00       		.byte	0
 1256 006d 00       		.byte	0
 1257 006e 09       		.uleb128 0x9
 1258 006f 17       		.uleb128 0x17
 1259 0070 01       		.byte	0x1
 1260 0071 0B       		.uleb128 0xb
 1261 0072 0B       		.uleb128 0xb
 1262 0073 3A       		.uleb128 0x3a
 1263 0074 0B       		.uleb128 0xb
 1264 0075 3B       		.uleb128 0x3b
 1265 0076 0B       		.uleb128 0xb
 1266 0077 01       		.uleb128 0x1
 1267 0078 13       		.uleb128 0x13
 1268 0079 00       		.byte	0
 1269 007a 00       		.byte	0
 1270 007b 0A       		.uleb128 0xa
 1271 007c 0D       		.uleb128 0xd
 1272 007d 00       		.byte	0
 1273 007e 49       		.uleb128 0x49
 1274 007f 13       		.uleb128 0x13
 1275 0080 00       		.byte	0
 1276 0081 00       		.byte	0
 1277 0082 0B       		.uleb128 0xb
 1278 0083 0D       		.uleb128 0xd
 1279 0084 00       		.byte	0
 1280 0085 03       		.uleb128 0x3
 1281 0086 0E       		.uleb128 0xe
 1282 0087 3A       		.uleb128 0x3a
 1283 0088 0B       		.uleb128 0xb
 1284 0089 3B       		.uleb128 0x3b
 1285 008a 0B       		.uleb128 0xb
 1286 008b 49       		.uleb128 0x49
 1287 008c 13       		.uleb128 0x13
 1288 008d 00       		.byte	0
 1289 008e 00       		.byte	0
 1290 008f 0C       		.uleb128 0xc
 1291 0090 01       		.uleb128 0x1
 1292 0091 01       		.byte	0x1
 1293 0092 49       		.uleb128 0x49
 1294 0093 13       		.uleb128 0x13
 1295 0094 01       		.uleb128 0x1
 1296 0095 13       		.uleb128 0x13
 1297 0096 00       		.byte	0
 1298 0097 00       		.byte	0
 1299 0098 0D       		.uleb128 0xd
 1300 0099 21       		.uleb128 0x21
 1301 009a 00       		.byte	0
 1302 009b 49       		.uleb128 0x49
 1303 009c 13       		.uleb128 0x13
 1304 009d 2F       		.uleb128 0x2f
 1305 009e 0B       		.uleb128 0xb
 1306 009f 00       		.byte	0
ARM GAS  C:\Users\nikod\AppData\Local\Temp\ccjq4mVS.s 			page 27


 1307 00a0 00       		.byte	0
 1308 00a1 0E       		.uleb128 0xe
 1309 00a2 2E       		.uleb128 0x2e
 1310 00a3 01       		.byte	0x1
 1311 00a4 3F       		.uleb128 0x3f
 1312 00a5 19       		.uleb128 0x19
 1313 00a6 03       		.uleb128 0x3
 1314 00a7 0E       		.uleb128 0xe
 1315 00a8 3A       		.uleb128 0x3a
 1316 00a9 0B       		.uleb128 0xb
 1317 00aa 3B       		.uleb128 0x3b
 1318 00ab 0B       		.uleb128 0xb
 1319 00ac 27       		.uleb128 0x27
 1320 00ad 19       		.uleb128 0x19
 1321 00ae 11       		.uleb128 0x11
 1322 00af 01       		.uleb128 0x1
 1323 00b0 12       		.uleb128 0x12
 1324 00b1 06       		.uleb128 0x6
 1325 00b2 40       		.uleb128 0x40
 1326 00b3 18       		.uleb128 0x18
 1327 00b4 9742     		.uleb128 0x2117
 1328 00b6 19       		.uleb128 0x19
 1329 00b7 01       		.uleb128 0x1
 1330 00b8 13       		.uleb128 0x13
 1331 00b9 00       		.byte	0
 1332 00ba 00       		.byte	0
 1333 00bb 0F       		.uleb128 0xf
 1334 00bc 34       		.uleb128 0x34
 1335 00bd 00       		.byte	0
 1336 00be 03       		.uleb128 0x3
 1337 00bf 0E       		.uleb128 0xe
 1338 00c0 3A       		.uleb128 0x3a
 1339 00c1 0B       		.uleb128 0xb
 1340 00c2 3B       		.uleb128 0x3b
 1341 00c3 0B       		.uleb128 0xb
 1342 00c4 49       		.uleb128 0x49
 1343 00c5 13       		.uleb128 0x13
 1344 00c6 02       		.uleb128 0x2
 1345 00c7 17       		.uleb128 0x17
 1346 00c8 00       		.byte	0
 1347 00c9 00       		.byte	0
 1348 00ca 10       		.uleb128 0x10
 1349 00cb 898201   		.uleb128 0x4109
 1350 00ce 00       		.byte	0
 1351 00cf 11       		.uleb128 0x11
 1352 00d0 01       		.uleb128 0x1
 1353 00d1 31       		.uleb128 0x31
 1354 00d2 13       		.uleb128 0x13
 1355 00d3 00       		.byte	0
 1356 00d4 00       		.byte	0
 1357 00d5 11       		.uleb128 0x11
 1358 00d6 898201   		.uleb128 0x4109
 1359 00d9 01       		.byte	0x1
 1360 00da 11       		.uleb128 0x11
 1361 00db 01       		.uleb128 0x1
 1362 00dc 31       		.uleb128 0x31
 1363 00dd 13       		.uleb128 0x13
ARM GAS  C:\Users\nikod\AppData\Local\Temp\ccjq4mVS.s 			page 28


 1364 00de 00       		.byte	0
 1365 00df 00       		.byte	0
 1366 00e0 12       		.uleb128 0x12
 1367 00e1 8A8201   		.uleb128 0x410a
 1368 00e4 00       		.byte	0
 1369 00e5 02       		.uleb128 0x2
 1370 00e6 18       		.uleb128 0x18
 1371 00e7 9142     		.uleb128 0x2111
 1372 00e9 18       		.uleb128 0x18
 1373 00ea 00       		.byte	0
 1374 00eb 00       		.byte	0
 1375 00ec 13       		.uleb128 0x13
 1376 00ed 898201   		.uleb128 0x4109
 1377 00f0 01       		.byte	0x1
 1378 00f1 11       		.uleb128 0x11
 1379 00f2 01       		.uleb128 0x1
 1380 00f3 31       		.uleb128 0x31
 1381 00f4 13       		.uleb128 0x13
 1382 00f5 01       		.uleb128 0x1
 1383 00f6 13       		.uleb128 0x13
 1384 00f7 00       		.byte	0
 1385 00f8 00       		.byte	0
 1386 00f9 14       		.uleb128 0x14
 1387 00fa 2E       		.uleb128 0x2e
 1388 00fb 01       		.byte	0x1
 1389 00fc 3F       		.uleb128 0x3f
 1390 00fd 19       		.uleb128 0x19
 1391 00fe 03       		.uleb128 0x3
 1392 00ff 0E       		.uleb128 0xe
 1393 0100 3A       		.uleb128 0x3a
 1394 0101 0B       		.uleb128 0xb
 1395 0102 3B       		.uleb128 0x3b
 1396 0103 0B       		.uleb128 0xb
 1397 0104 11       		.uleb128 0x11
 1398 0105 01       		.uleb128 0x1
 1399 0106 12       		.uleb128 0x12
 1400 0107 06       		.uleb128 0x6
 1401 0108 40       		.uleb128 0x40
 1402 0109 18       		.uleb128 0x18
 1403 010a 9742     		.uleb128 0x2117
 1404 010c 19       		.uleb128 0x19
 1405 010d 01       		.uleb128 0x1
 1406 010e 13       		.uleb128 0x13
 1407 010f 00       		.byte	0
 1408 0110 00       		.byte	0
 1409 0111 15       		.uleb128 0x15
 1410 0112 34       		.uleb128 0x34
 1411 0113 00       		.byte	0
 1412 0114 03       		.uleb128 0x3
 1413 0115 08       		.uleb128 0x8
 1414 0116 3A       		.uleb128 0x3a
 1415 0117 0B       		.uleb128 0xb
 1416 0118 3B       		.uleb128 0x3b
 1417 0119 0B       		.uleb128 0xb
 1418 011a 49       		.uleb128 0x49
 1419 011b 13       		.uleb128 0x13
 1420 011c 02       		.uleb128 0x2
ARM GAS  C:\Users\nikod\AppData\Local\Temp\ccjq4mVS.s 			page 29


 1421 011d 17       		.uleb128 0x17
 1422 011e 00       		.byte	0
 1423 011f 00       		.byte	0
 1424 0120 16       		.uleb128 0x16
 1425 0121 2E       		.uleb128 0x2e
 1426 0122 01       		.byte	0x1
 1427 0123 3F       		.uleb128 0x3f
 1428 0124 19       		.uleb128 0x19
 1429 0125 03       		.uleb128 0x3
 1430 0126 0E       		.uleb128 0xe
 1431 0127 3A       		.uleb128 0x3a
 1432 0128 0B       		.uleb128 0xb
 1433 0129 3B       		.uleb128 0x3b
 1434 012a 0B       		.uleb128 0xb
 1435 012b 27       		.uleb128 0x27
 1436 012c 19       		.uleb128 0x19
 1437 012d 49       		.uleb128 0x49
 1438 012e 13       		.uleb128 0x13
 1439 012f 8701     		.uleb128 0x87
 1440 0131 19       		.uleb128 0x19
 1441 0132 11       		.uleb128 0x11
 1442 0133 01       		.uleb128 0x1
 1443 0134 12       		.uleb128 0x12
 1444 0135 06       		.uleb128 0x6
 1445 0136 40       		.uleb128 0x40
 1446 0137 18       		.uleb128 0x18
 1447 0138 9742     		.uleb128 0x2117
 1448 013a 19       		.uleb128 0x19
 1449 013b 01       		.uleb128 0x1
 1450 013c 13       		.uleb128 0x13
 1451 013d 00       		.byte	0
 1452 013e 00       		.byte	0
 1453 013f 17       		.uleb128 0x17
 1454 0140 34       		.uleb128 0x34
 1455 0141 00       		.byte	0
 1456 0142 03       		.uleb128 0x3
 1457 0143 0E       		.uleb128 0xe
 1458 0144 3A       		.uleb128 0x3a
 1459 0145 0B       		.uleb128 0xb
 1460 0146 3B       		.uleb128 0x3b
 1461 0147 05       		.uleb128 0x5
 1462 0148 49       		.uleb128 0x49
 1463 0149 13       		.uleb128 0x13
 1464 014a 3F       		.uleb128 0x3f
 1465 014b 19       		.uleb128 0x19
 1466 014c 3C       		.uleb128 0x3c
 1467 014d 19       		.uleb128 0x19
 1468 014e 00       		.byte	0
 1469 014f 00       		.byte	0
 1470 0150 18       		.uleb128 0x18
 1471 0151 35       		.uleb128 0x35
 1472 0152 00       		.byte	0
 1473 0153 49       		.uleb128 0x49
 1474 0154 13       		.uleb128 0x13
 1475 0155 00       		.byte	0
 1476 0156 00       		.byte	0
 1477 0157 19       		.uleb128 0x19
ARM GAS  C:\Users\nikod\AppData\Local\Temp\ccjq4mVS.s 			page 30


 1478 0158 34       		.uleb128 0x34
 1479 0159 00       		.byte	0
 1480 015a 03       		.uleb128 0x3
 1481 015b 08       		.uleb128 0x8
 1482 015c 3A       		.uleb128 0x3a
 1483 015d 0B       		.uleb128 0xb
 1484 015e 3B       		.uleb128 0x3b
 1485 015f 0B       		.uleb128 0xb
 1486 0160 49       		.uleb128 0x49
 1487 0161 13       		.uleb128 0x13
 1488 0162 3F       		.uleb128 0x3f
 1489 0163 19       		.uleb128 0x19
 1490 0164 02       		.uleb128 0x2
 1491 0165 18       		.uleb128 0x18
 1492 0166 00       		.byte	0
 1493 0167 00       		.byte	0
 1494 0168 1A       		.uleb128 0x1a
 1495 0169 2E       		.uleb128 0x2e
 1496 016a 00       		.byte	0
 1497 016b 3F       		.uleb128 0x3f
 1498 016c 19       		.uleb128 0x19
 1499 016d 3C       		.uleb128 0x3c
 1500 016e 19       		.uleb128 0x19
 1501 016f 6E       		.uleb128 0x6e
 1502 0170 0E       		.uleb128 0xe
 1503 0171 03       		.uleb128 0x3
 1504 0172 0E       		.uleb128 0xe
 1505 0173 3A       		.uleb128 0x3a
 1506 0174 0B       		.uleb128 0xb
 1507 0175 3B       		.uleb128 0x3b
 1508 0176 0B       		.uleb128 0xb
 1509 0177 00       		.byte	0
 1510 0178 00       		.byte	0
 1511 0179 00       		.byte	0
 1512              		.section	.debug_loc,"",%progbits
 1513              	.Ldebug_loc0:
 1514              	.LLST0:
 1515 0000 06000000 		.4byte	.LVL0
 1516 0004 08000000 		.4byte	.LVL1
 1517 0008 0100     		.2byte	0x1
 1518 000a 50       		.byte	0x50
 1519 000b 00000000 		.4byte	0
 1520 000f 00000000 		.4byte	0
 1521              	.LLST1:
 1522 0013 02000000 		.4byte	.LVL15
 1523 0017 06000000 		.4byte	.LVL16
 1524 001b 0200     		.2byte	0x2
 1525 001d 30       		.byte	0x30
 1526 001e 9F       		.byte	0x9f
 1527 001f 06000000 		.4byte	.LVL16
 1528 0023 1E000000 		.4byte	.LVL21
 1529 0027 0100     		.2byte	0x1
 1530 0029 54       		.byte	0x54
 1531 002a 20000000 		.4byte	.LVL22
 1532 002e 26000000 		.4byte	.LVL23
 1533 0032 0100     		.2byte	0x1
 1534 0034 54       		.byte	0x54
ARM GAS  C:\Users\nikod\AppData\Local\Temp\ccjq4mVS.s 			page 31


 1535 0035 00000000 		.4byte	0
 1536 0039 00000000 		.4byte	0
 1537              	.LLST2:
 1538 003d 02000000 		.4byte	.LVL24
 1539 0041 06000000 		.4byte	.LVL25
 1540 0045 0200     		.2byte	0x2
 1541 0047 30       		.byte	0x30
 1542 0048 9F       		.byte	0x9f
 1543 0049 06000000 		.4byte	.LVL25
 1544 004d 28000000 		.4byte	.LVL31
 1545 0051 0100     		.2byte	0x1
 1546 0053 54       		.byte	0x54
 1547 0054 2A000000 		.4byte	.LVL32
 1548 0058 30000000 		.4byte	.LVL33
 1549 005c 0100     		.2byte	0x1
 1550 005e 54       		.byte	0x54
 1551 005f 00000000 		.4byte	0
 1552 0063 00000000 		.4byte	0
 1553              		.section	.debug_aranges,"",%progbits
 1554 0000 4C000000 		.4byte	0x4c
 1555 0004 0200     		.2byte	0x2
 1556 0006 00000000 		.4byte	.Ldebug_info0
 1557 000a 04       		.byte	0x4
 1558 000b 00       		.byte	0
 1559 000c 0000     		.2byte	0
 1560 000e 0000     		.2byte	0
 1561 0010 00000000 		.4byte	.LFB68
 1562 0014 4C000000 		.4byte	.LFE68-.LFB68
 1563 0018 00000000 		.4byte	.LFB64
 1564 001c 10000000 		.4byte	.LFE64-.LFB64
 1565 0020 00000000 		.4byte	.LFB65
 1566 0024 18000000 		.4byte	.LFE65-.LFB65
 1567 0028 00000000 		.4byte	.LFB66
 1568 002c 2C000000 		.4byte	.LFE66-.LFB66
 1569 0030 00000000 		.4byte	.LFB67
 1570 0034 34000000 		.4byte	.LFE67-.LFB67
 1571 0038 00000000 		.4byte	.LFB69
 1572 003c 50000000 		.4byte	.LFE69-.LFB69
 1573 0040 00000000 		.4byte	.LFB70
 1574 0044 78000000 		.4byte	.LFE70-.LFB70
 1575 0048 00000000 		.4byte	0
 1576 004c 00000000 		.4byte	0
 1577              		.section	.debug_ranges,"",%progbits
 1578              	.Ldebug_ranges0:
 1579 0000 00000000 		.4byte	.LFB68
 1580 0004 4C000000 		.4byte	.LFE68
 1581 0008 00000000 		.4byte	.LFB64
 1582 000c 10000000 		.4byte	.LFE64
 1583 0010 00000000 		.4byte	.LFB65
 1584 0014 18000000 		.4byte	.LFE65
 1585 0018 00000000 		.4byte	.LFB66
 1586 001c 2C000000 		.4byte	.LFE66
 1587 0020 00000000 		.4byte	.LFB67
 1588 0024 34000000 		.4byte	.LFE67
 1589 0028 00000000 		.4byte	.LFB69
 1590 002c 50000000 		.4byte	.LFE69
 1591 0030 00000000 		.4byte	.LFB70
ARM GAS  C:\Users\nikod\AppData\Local\Temp\ccjq4mVS.s 			page 32


 1592 0034 78000000 		.4byte	.LFE70
 1593 0038 00000000 		.4byte	0
 1594 003c 00000000 		.4byte	0
 1595              		.section	.debug_line,"",%progbits
 1596              	.Ldebug_line0:
 1597 0000 AB020000 		.section	.debug_str,"MS",%progbits,1
 1597      0200AF01 
 1597      00000201 
 1597      FB0E0D00 
 1597      01010101 
 1598              	.LASF46:
 1599 0000 4932435F 		.ascii	"I2C_MasterSendRestart\000"
 1599      4D617374 
 1599      65725365 
 1599      6E645265 
 1599      73746172 
 1600              	.LASF24:
 1601 0016 79656172 		.ascii	"year\000"
 1601      00
 1602              	.LASF2:
 1603 001b 73686F72 		.ascii	"short int\000"
 1603      7420696E 
 1603      7400
 1604              	.LASF39:
 1605 0025 50494E43 		.ascii	"PINC_Read\000"
 1605      5F526561 
 1605      6400
 1606              	.LASF28:
 1607 002f 44535F69 		.ascii	"DS_init\000"
 1607      6E697400 
 1608              	.LASF50:
 1609 0037 49525152 		.ascii	"IRQRX_StartEx\000"
 1609      585F5374 
 1609      61727445 
 1609      7800
 1610              	.LASF62:
 1611 0045 6D61696E 		.ascii	"main\000"
 1611      00
 1612              	.LASF31:
 1613 004a 44535F67 		.ascii	"DS_get_data\000"
 1613      65745F64 
 1613      61746100 
 1614              	.LASF27:
 1615 0056 44535F62 		.ascii	"DS_begintx\000"
 1615      6567696E 
 1615      747800
 1616              	.LASF30:
 1617 0061 44535F73 		.ascii	"DS_set_data\000"
 1617      65745F64 
 1617      61746100 
 1618              	.LASF34:
 1619 006d 55415254 		.ascii	"UART_GetChar\000"
 1619      5F476574 
 1619      43686172 
 1619      00
 1620              	.LASF14:
 1621 007a 75696E74 		.ascii	"uint16\000"
ARM GAS  C:\Users\nikod\AppData\Local\Temp\ccjq4mVS.s 			page 33


 1621      313600
 1622              	.LASF11:
 1623 0081 75696E74 		.ascii	"uint8_t\000"
 1623      385F7400 
 1624              	.LASF13:
 1625 0089 75696E74 		.ascii	"uint8\000"
 1625      3800
 1626              	.LASF32:
 1627 008f 72656C6F 		.ascii	"reloj\000"
 1627      6A00
 1628              	.LASF40:
 1629 0095 50494E43 		.ascii	"PINC_Write\000"
 1629      5F577269 
 1629      746500
 1630              	.LASF15:
 1631 00a0 666C6F61 		.ascii	"float\000"
 1631      7400
 1632              	.LASF8:
 1633 00a6 6C6F6E67 		.ascii	"long long int\000"
 1633      206C6F6E 
 1633      6720696E 
 1633      7400
 1634              	.LASF55:
 1635 00b4 50574D5F 		.ascii	"PWM_WriteCompare2\000"
 1635      57726974 
 1635      65436F6D 
 1635      70617265 
 1635      3200
 1636              	.LASF6:
 1637 00c6 6C6F6E67 		.ascii	"long int\000"
 1637      20696E74 
 1637      00
 1638              	.LASF4:
 1639 00cf 5F5F7569 		.ascii	"__uint8_t\000"
 1639      6E74385F 
 1639      7400
 1640              	.LASF43:
 1641 00d9 4932435F 		.ascii	"I2C_MasterSendStart\000"
 1641      4D617374 
 1641      65725365 
 1641      6E645374 
 1641      61727400 
 1642              	.LASF44:
 1643 00ed 4932435F 		.ascii	"I2C_MasterWriteByte\000"
 1643      4D617374 
 1643      65725772 
 1643      69746542 
 1643      79746500 
 1644              	.LASF52:
 1645 0101 4C43445F 		.ascii	"LCD_Start\000"
 1645      53746172 
 1645      7400
 1646              	.LASF20:
 1647 010b 686F7572 		.ascii	"hour\000"
 1647      00
 1648              	.LASF18:
 1649 0110 6C6F6E67 		.ascii	"long double\000"
ARM GAS  C:\Users\nikod\AppData\Local\Temp\ccjq4mVS.s 			page 34


 1649      20646F75 
 1649      626C6500 
 1650              	.LASF1:
 1651 011c 756E7369 		.ascii	"unsigned char\000"
 1651      676E6564 
 1651      20636861 
 1651      7200
 1652              	.LASF47:
 1653 012a 4932435F 		.ascii	"I2C_MasterReadByte\000"
 1653      4D617374 
 1653      65725265 
 1653      61644279 
 1653      746500
 1654              	.LASF0:
 1655 013d 7369676E 		.ascii	"signed char\000"
 1655      65642063 
 1655      68617200 
 1656              	.LASF9:
 1657 0149 6C6F6E67 		.ascii	"long long unsigned int\000"
 1657      206C6F6E 
 1657      6720756E 
 1657      7369676E 
 1657      65642069 
 1658              	.LASF10:
 1659 0160 756E7369 		.ascii	"unsigned int\000"
 1659      676E6564 
 1659      20696E74 
 1659      00
 1660              	.LASF25:
 1661 016d 7274635F 		.ascii	"rtc_t\000"
 1661      7400
 1662              	.LASF60:
 1663 0173 433A5C55 		.ascii	"C:\\Users\\nikod\\Documents\\PSoC Creator\\Final\\D"
 1663      73657273 
 1663      5C6E696B 
 1663      6F645C44 
 1663      6F63756D 
 1664 01a0 6F6D6F74 		.ascii	"omoticaconblink.cydsn\000"
 1664      69636163 
 1664      6F6E626C 
 1664      696E6B2E 
 1664      63796473 
 1665              	.LASF26:
 1666 01b6 496E7465 		.ascii	"InterrupRx\000"
 1666      72727570 
 1666      527800
 1667              	.LASF41:
 1668 01c1 50494E44 		.ascii	"PIND_Read\000"
 1668      5F526561 
 1668      6400
 1669              	.LASF3:
 1670 01cb 73686F72 		.ascii	"short unsigned int\000"
 1670      7420756E 
 1670      7369676E 
 1670      65642069 
 1670      6E7400
 1671              	.LASF35:
ARM GAS  C:\Users\nikod\AppData\Local\Temp\ccjq4mVS.s 			page 35


 1672 01de 50494E41 		.ascii	"PINA_Read\000"
 1672      5F526561 
 1672      6400
 1673              	.LASF48:
 1674 01e8 4C43445F 		.ascii	"LCD_PrintU32Number\000"
 1674      5072696E 
 1674      74553332 
 1674      4E756D62 
 1674      657200
 1675              	.LASF17:
 1676 01fb 63686172 		.ascii	"char\000"
 1676      00
 1677              	.LASF51:
 1678 0200 55415254 		.ascii	"UART_Start\000"
 1678      5F537461 
 1678      727400
 1679              	.LASF12:
 1680 020b 696E7433 		.ascii	"int32_t\000"
 1680      325F7400 
 1681              	.LASF36:
 1682 0213 50494E41 		.ascii	"PINA_Write\000"
 1682      5F577269 
 1682      746500
 1683              	.LASF23:
 1684 021e 6D6F6E74 		.ascii	"month\000"
 1684      6800
 1685              	.LASF22:
 1686 0224 64617465 		.ascii	"date\000"
 1686      00
 1687              	.LASF38:
 1688 0229 50494E42 		.ascii	"PINB_Write\000"
 1688      5F577269 
 1688      746500
 1689              	.LASF59:
 1690 0234 6D61696E 		.ascii	"main.c\000"
 1690      2E6300
 1691              	.LASF7:
 1692 023b 6C6F6E67 		.ascii	"long unsigned int\000"
 1692      20756E73 
 1692      69676E65 
 1692      6420696E 
 1692      7400
 1693              	.LASF29:
 1694 024d 6461746F 		.ascii	"dato\000"
 1694      00
 1695              	.LASF49:
 1696 0252 4C43445F 		.ascii	"LCD_PutChar\000"
 1696      50757443 
 1696      68617200 
 1697              	.LASF42:
 1698 025e 50494E44 		.ascii	"PIND_Write\000"
 1698      5F577269 
 1698      746500
 1699              	.LASF5:
 1700 0269 5F5F696E 		.ascii	"__int32_t\000"
 1700      7433325F 
 1700      7400
ARM GAS  C:\Users\nikod\AppData\Local\Temp\ccjq4mVS.s 			page 36


 1701              	.LASF54:
 1702 0273 50574D5F 		.ascii	"PWM_Start\000"
 1702      53746172 
 1702      7400
 1703              	.LASF19:
 1704 027d 73697A65 		.ascii	"sizetype\000"
 1704      74797065 
 1704      00
 1705              	.LASF56:
 1706 0286 4C43445F 		.ascii	"LCD_Position\000"
 1706      506F7369 
 1706      74696F6E 
 1706      00
 1707              	.LASF37:
 1708 0293 50494E42 		.ascii	"PINB_Read\000"
 1708      5F526561 
 1708      6400
 1709              	.LASF16:
 1710 029d 646F7562 		.ascii	"double\000"
 1710      6C6500
 1711              	.LASF61:
 1712 02a4 6461746F 		.ascii	"datos\000"
 1712      7300
 1713              	.LASF33:
 1714 02aa 49544D5F 		.ascii	"ITM_RxBuffer\000"
 1714      52784275 
 1714      66666572 
 1714      00
 1715              	.LASF58:
 1716 02b7 474E5520 		.ascii	"GNU C11 5.4.1 20160609 (release) [ARM/embedded-5-br"
 1716      43313120 
 1716      352E342E 
 1716      31203230 
 1716      31363036 
 1717 02ea 616E6368 		.ascii	"anch revision 237715] -mcpu=cortex-m3 -mthumb -g -O"
 1717      20726576 
 1717      6973696F 
 1717      6E203233 
 1717      37373135 
 1718 031d 67202D66 		.ascii	"g -ffunction-sections -ffat-lto-objects\000"
 1718      66756E63 
 1718      74696F6E 
 1718      2D736563 
 1718      74696F6E 
 1719              	.LASF57:
 1720 0345 43794465 		.ascii	"CyDelay\000"
 1720      6C617900 
 1721              	.LASF53:
 1722 034d 4932435F 		.ascii	"I2C_Start\000"
 1722      53746172 
 1722      7400
 1723              	.LASF45:
 1724 0357 4932435F 		.ascii	"I2C_MasterSendStop\000"
 1724      4D617374 
 1724      65725365 
 1724      6E645374 
 1724      6F7000
ARM GAS  C:\Users\nikod\AppData\Local\Temp\ccjq4mVS.s 			page 37


 1725              	.LASF21:
 1726 036a 7765656B 		.ascii	"weekDay\000"
 1726      44617900 
 1727              		.ident	"GCC: (GNU Tools for ARM Embedded Processors) 5.4.1 20160609 (release) [ARM/embedded-5-bran
