ARM GAS  C:\Users\nikod\AppData\Local\Temp\ccSDDJek.s 			page 1


   1              		.syntax unified
   2              		.cpu cortex-m3
   3              		.fpu softvfp
   4              		.eabi_attribute 20, 1
   5              		.eabi_attribute 21, 1
   6              		.eabi_attribute 23, 3
   7              		.eabi_attribute 24, 1
   8              		.eabi_attribute 25, 1
   9              		.eabi_attribute 26, 1
  10              		.eabi_attribute 30, 1
  11              		.eabi_attribute 34, 1
  12              		.eabi_attribute 18, 4
  13              		.thumb
  14              		.syntax unified
  15              		.file	"main.c"
  16              		.text
  17              	.Ltext0:
  18              		.cfi_sections	.debug_frame
  19              		.section	.text.InterrupRx,"ax",%progbits
  20              		.align	2
  21              		.global	InterrupRx
  22              		.thumb
  23              		.thumb_func
  24              		.type	InterrupRx, %function
  25              	InterrupRx:
  26              	.LFB68:
  27              		.file 1 "main.c"
   1:main.c        **** /* ========================================
   2:main.c        ****  * 
   3:main.c        ****  *
   4:main.c        ****  * ========================================
   5:main.c        **** */
   6:main.c        **** #include "project.h"
   7:main.c        **** #include <stdio.h>
   8:main.c        **** 
   9:main.c        **** #define DS1307_dir 0x68         
  10:main.c        **** #define ds1307_dir_memory 0x00
  11:main.c        **** #define direccion_de_registro_control 0x07
  12:main.c        **** #define registro_control 0b10010001
  13:main.c        **** 
  14:main.c        **** 
  15:main.c        **** typedef union
  16:main.c        **** {struct{
  17:main.c        ****   uint8_t sec;
  18:main.c        ****   uint8_t min;
  19:main.c        ****   uint8_t hour;
  20:main.c        ****   uint8_t weekDay;
  21:main.c        ****   uint8_t date;
  22:main.c        ****   uint8_t month;
  23:main.c        ****   uint8_t year;  
  24:main.c        **** };
  25:main.c        **** uint8_t datos[8];
  26:main.c        **** }rtc_t;
  27:main.c        **** 
  28:main.c        **** rtc_t ds;
  29:main.c        **** 
  30:main.c        **** 
ARM GAS  C:\Users\nikod\AppData\Local\Temp\ccSDDJek.s 			page 2


  31:main.c        **** void DS_begintx (void){
  32:main.c        ****         do{
  33:main.c        ****                 //Espera mienstras el esclavo le responde
  34:main.c        ****         }while(I2C_MasterSendStart(DS1307_dir, I2C_WRITE_XFER_MODE)!=I2C_MSTR_NO_ERROR);
  35:main.c        **** }
  36:main.c        **** 
  37:main.c        **** void DS_init(void){
  38:main.c        ****     DS_begintx();
  39:main.c        ****     I2C_MasterWriteByte(direccion_de_registro_control);  
  40:main.c        ****     I2C_MasterWriteByte(registro_control);
  41:main.c        ****     I2C_MasterSendStop();
  42:main.c        **** }
  43:main.c        **** 
  44:main.c        **** void DS_set_data(){
  45:main.c        ****     uint8 i; 
  46:main.c        ****     
  47:main.c        ****     for(i=0;i<=7;i++){
  48:main.c        ****         DS_begintx();
  49:main.c        ****         I2C_MasterWriteByte(i);     // Escribe la posicion 
  50:main.c        ****         I2C_MasterWriteByte(ds.datos[i]);            // Escribe el dato correspondiente
  51:main.c        ****         I2C_MasterSendStop();
  52:main.c        ****     }
  53:main.c        **** }
  54:main.c        **** 
  55:main.c        **** void DS_get_data(){        
  56:main.c        ****         uint8 i;
  57:main.c        ****     
  58:main.c        ****     for(i=0;i<=7;i++){
  59:main.c        ****         DS_begintx();
  60:main.c        ****         I2C_MasterWriteByte(i);//Pone direccion de memoria que quiere leer 
  61:main.c        ****         I2C_MasterSendRestart(DS1307_dir, I2C_READ_XFER_MODE); // Re transmite para obtener datos
  62:main.c        ****         ds.datos[i]=I2C_MasterReadByte(I2C_NAK_DATA);
  63:main.c        ****         I2C_MasterSendStop();
  64:main.c        ****     }
  65:main.c        ****     
  66:main.c        **** }
  67:main.c        **** 
  68:main.c        **** CY_ISR(InterrupRx){
  28              		.loc 1 68 0
  29              		.cfi_startproc
  30              		@ args = 0, pretend = 0, frame = 0
  31              		@ frame_needed = 0, uses_anonymous_args = 0
  32 0000 08B5     		push	{r3, lr}
  33              		.cfi_def_cfa_offset 8
  34              		.cfi_offset 3, -8
  35              		.cfi_offset 14, -4
  69:main.c        ****     char dato;
  70:main.c        ****     dato=UART_GetChar();//recibe el dato del bluetooth
  36              		.loc 1 70 0
  37 0002 FFF7FEFF 		bl	UART_GetChar
  38              	.LVL0:
  71:main.c        ****     switch (dato){
  39              		.loc 1 71 0
  40 0006 4138     		subs	r0, r0, #65
  41              	.LVL1:
  42 0008 0328     		cmp	r0, #3
  43 000a 1ED8     		bhi	.L1
ARM GAS  C:\Users\nikod\AppData\Local\Temp\ccSDDJek.s 			page 3


  44 000c DFE800F0 		tbb	[pc, r0]
  45              	.L4:
  46 0010 02       		.byte	(.L3-.L4)/2
  47 0011 09       		.byte	(.L5-.L4)/2
  48 0012 10       		.byte	(.L6-.L4)/2
  49 0013 17       		.byte	(.L7-.L4)/2
  50              		.p2align 1
  51              	.L3:
  72:main.c        ****         case 'A':
  73:main.c        ****         {
  74:main.c        ****             PINA_Write(~PINA_Read());            
  52              		.loc 1 74 0
  53 0014 FFF7FEFF 		bl	PINA_Read
  54              	.LVL2:
  55 0018 C043     		mvns	r0, r0
  56 001a C0B2     		uxtb	r0, r0
  57 001c FFF7FEFF 		bl	PINA_Write
  58              	.LVL3:
  75:main.c        ****             break;
  59              		.loc 1 75 0
  60 0020 08BD     		pop	{r3, pc}
  61              	.L5:
  76:main.c        ****         }
  77:main.c        ****         case 'B':{ 
  78:main.c        ****             PINB_Write(~PINB_Read());
  62              		.loc 1 78 0
  63 0022 FFF7FEFF 		bl	PINB_Read
  64              	.LVL4:
  65 0026 C043     		mvns	r0, r0
  66 0028 C0B2     		uxtb	r0, r0
  67 002a FFF7FEFF 		bl	PINB_Write
  68              	.LVL5:
  79:main.c        ****             break;
  69              		.loc 1 79 0
  70 002e 08BD     		pop	{r3, pc}
  71              	.L6:
  80:main.c        ****         }
  81:main.c        ****         case 'C':{
  82:main.c        ****             PINC_Write(~PINC_Read());            
  72              		.loc 1 82 0
  73 0030 FFF7FEFF 		bl	PINC_Read
  74              	.LVL6:
  75 0034 C043     		mvns	r0, r0
  76 0036 C0B2     		uxtb	r0, r0
  77 0038 FFF7FEFF 		bl	PINC_Write
  78              	.LVL7:
  83:main.c        ****             break;
  79              		.loc 1 83 0
  80 003c 08BD     		pop	{r3, pc}
  81              	.L7:
  84:main.c        ****         }
  85:main.c        ****         case 'D':{
  86:main.c        ****             PIND_Write(~PIND_Read());
  82              		.loc 1 86 0
  83 003e FFF7FEFF 		bl	PIND_Read
  84              	.LVL8:
  85 0042 C043     		mvns	r0, r0
ARM GAS  C:\Users\nikod\AppData\Local\Temp\ccSDDJek.s 			page 4


  86 0044 C0B2     		uxtb	r0, r0
  87 0046 FFF7FEFF 		bl	PIND_Write
  88              	.LVL9:
  89              	.L1:
  90 004a 08BD     		pop	{r3, pc}
  91              		.cfi_endproc
  92              	.LFE68:
  93              		.size	InterrupRx, .-InterrupRx
  94              		.section	.text.DS_begintx,"ax",%progbits
  95              		.align	2
  96              		.global	DS_begintx
  97              		.thumb
  98              		.thumb_func
  99              		.type	DS_begintx, %function
 100              	DS_begintx:
 101              	.LFB64:
  31:main.c        ****         do{
 102              		.loc 1 31 0
 103              		.cfi_startproc
 104              		@ args = 0, pretend = 0, frame = 0
 105              		@ frame_needed = 0, uses_anonymous_args = 0
 106 0000 08B5     		push	{r3, lr}
 107              		.cfi_def_cfa_offset 8
 108              		.cfi_offset 3, -8
 109              		.cfi_offset 14, -4
 110              	.L10:
  34:main.c        **** }
 111              		.loc 1 34 0 discriminator 1
 112 0002 0021     		movs	r1, #0
 113 0004 6820     		movs	r0, #104
 114 0006 FFF7FEFF 		bl	I2C_MasterSendStart
 115              	.LVL10:
 116 000a 0028     		cmp	r0, #0
 117 000c F9D1     		bne	.L10
  35:main.c        **** 
 118              		.loc 1 35 0
 119 000e 08BD     		pop	{r3, pc}
 120              		.cfi_endproc
 121              	.LFE64:
 122              		.size	DS_begintx, .-DS_begintx
 123              		.section	.text.DS_init,"ax",%progbits
 124              		.align	2
 125              		.global	DS_init
 126              		.thumb
 127              		.thumb_func
 128              		.type	DS_init, %function
 129              	DS_init:
 130              	.LFB65:
  37:main.c        ****     DS_begintx();
 131              		.loc 1 37 0
 132              		.cfi_startproc
 133              		@ args = 0, pretend = 0, frame = 0
 134              		@ frame_needed = 0, uses_anonymous_args = 0
 135 0000 08B5     		push	{r3, lr}
 136              		.cfi_def_cfa_offset 8
 137              		.cfi_offset 3, -8
 138              		.cfi_offset 14, -4
ARM GAS  C:\Users\nikod\AppData\Local\Temp\ccSDDJek.s 			page 5


  38:main.c        ****     I2C_MasterWriteByte(direccion_de_registro_control);  
 139              		.loc 1 38 0
 140 0002 FFF7FEFF 		bl	DS_begintx
 141              	.LVL11:
  39:main.c        ****     I2C_MasterWriteByte(registro_control);
 142              		.loc 1 39 0
 143 0006 0720     		movs	r0, #7
 144 0008 FFF7FEFF 		bl	I2C_MasterWriteByte
 145              	.LVL12:
  40:main.c        ****     I2C_MasterSendStop();
 146              		.loc 1 40 0
 147 000c 9120     		movs	r0, #145
 148 000e FFF7FEFF 		bl	I2C_MasterWriteByte
 149              	.LVL13:
  41:main.c        **** }
 150              		.loc 1 41 0
 151 0012 FFF7FEFF 		bl	I2C_MasterSendStop
 152              	.LVL14:
 153 0016 08BD     		pop	{r3, pc}
 154              		.cfi_endproc
 155              	.LFE65:
 156              		.size	DS_init, .-DS_init
 157              		.section	.text.DS_set_data,"ax",%progbits
 158              		.align	2
 159              		.global	DS_set_data
 160              		.thumb
 161              		.thumb_func
 162              		.type	DS_set_data, %function
 163              	DS_set_data:
 164              	.LFB66:
  44:main.c        ****     uint8 i; 
 165              		.loc 1 44 0
 166              		.cfi_startproc
 167              		@ args = 0, pretend = 0, frame = 0
 168              		@ frame_needed = 0, uses_anonymous_args = 0
 169 0000 10B5     		push	{r4, lr}
 170              		.cfi_def_cfa_offset 8
 171              		.cfi_offset 4, -8
 172              		.cfi_offset 14, -4
 173              	.LVL15:
  47:main.c        ****         DS_begintx();
 174              		.loc 1 47 0
 175 0002 0024     		movs	r4, #0
 176 0004 0CE0     		b	.L15
 177              	.LVL16:
 178              	.L16:
  48:main.c        ****         I2C_MasterWriteByte(i);     // Escribe la posicion 
 179              		.loc 1 48 0 discriminator 3
 180 0006 FFF7FEFF 		bl	DS_begintx
 181              	.LVL17:
  49:main.c        ****         I2C_MasterWriteByte(ds.datos[i]);            // Escribe el dato correspondiente
 182              		.loc 1 49 0 discriminator 3
 183 000a 2046     		mov	r0, r4
 184 000c FFF7FEFF 		bl	I2C_MasterWriteByte
 185              	.LVL18:
  50:main.c        ****         I2C_MasterSendStop();
 186              		.loc 1 50 0 discriminator 3
ARM GAS  C:\Users\nikod\AppData\Local\Temp\ccSDDJek.s 			page 6


 187 0010 054B     		ldr	r3, .L18
 188 0012 185D     		ldrb	r0, [r3, r4]	@ zero_extendqisi2
 189 0014 FFF7FEFF 		bl	I2C_MasterWriteByte
 190              	.LVL19:
  51:main.c        ****     }
 191              		.loc 1 51 0 discriminator 3
 192 0018 FFF7FEFF 		bl	I2C_MasterSendStop
 193              	.LVL20:
  47:main.c        ****         DS_begintx();
 194              		.loc 1 47 0 discriminator 3
 195 001c 0134     		adds	r4, r4, #1
 196              	.LVL21:
 197 001e E4B2     		uxtb	r4, r4
 198              	.LVL22:
 199              	.L15:
  47:main.c        ****         DS_begintx();
 200              		.loc 1 47 0 is_stmt 0 discriminator 1
 201 0020 072C     		cmp	r4, #7
 202 0022 F0D9     		bls	.L16
  53:main.c        **** 
 203              		.loc 1 53 0 is_stmt 1
 204 0024 10BD     		pop	{r4, pc}
 205              	.LVL23:
 206              	.L19:
 207 0026 00BF     		.align	2
 208              	.L18:
 209 0028 00000000 		.word	ds
 210              		.cfi_endproc
 211              	.LFE66:
 212              		.size	DS_set_data, .-DS_set_data
 213              		.section	.text.DS_get_data,"ax",%progbits
 214              		.align	2
 215              		.global	DS_get_data
 216              		.thumb
 217              		.thumb_func
 218              		.type	DS_get_data, %function
 219              	DS_get_data:
 220              	.LFB67:
  55:main.c        ****         uint8 i;
 221              		.loc 1 55 0
 222              		.cfi_startproc
 223              		@ args = 0, pretend = 0, frame = 0
 224              		@ frame_needed = 0, uses_anonymous_args = 0
 225 0000 10B5     		push	{r4, lr}
 226              		.cfi_def_cfa_offset 8
 227              		.cfi_offset 4, -8
 228              		.cfi_offset 14, -4
 229              	.LVL24:
  58:main.c        ****         DS_begintx();
 230              		.loc 1 58 0
 231 0002 0024     		movs	r4, #0
 232 0004 11E0     		b	.L21
 233              	.LVL25:
 234              	.L22:
  59:main.c        ****         I2C_MasterWriteByte(i);//Pone direccion de memoria que quiere leer 
 235              		.loc 1 59 0 discriminator 3
 236 0006 FFF7FEFF 		bl	DS_begintx
ARM GAS  C:\Users\nikod\AppData\Local\Temp\ccSDDJek.s 			page 7


 237              	.LVL26:
  60:main.c        ****         I2C_MasterSendRestart(DS1307_dir, I2C_READ_XFER_MODE); // Re transmite para obtener datos
 238              		.loc 1 60 0 discriminator 3
 239 000a 2046     		mov	r0, r4
 240 000c FFF7FEFF 		bl	I2C_MasterWriteByte
 241              	.LVL27:
  61:main.c        ****         ds.datos[i]=I2C_MasterReadByte(I2C_NAK_DATA);
 242              		.loc 1 61 0 discriminator 3
 243 0010 0121     		movs	r1, #1
 244 0012 6820     		movs	r0, #104
 245 0014 FFF7FEFF 		bl	I2C_MasterSendRestart
 246              	.LVL28:
  62:main.c        ****         I2C_MasterSendStop();
 247              		.loc 1 62 0 discriminator 3
 248 0018 0020     		movs	r0, #0
 249 001a FFF7FEFF 		bl	I2C_MasterReadByte
 250              	.LVL29:
 251 001e 044B     		ldr	r3, .L24
 252 0020 1855     		strb	r0, [r3, r4]
  63:main.c        ****     }
 253              		.loc 1 63 0 discriminator 3
 254 0022 FFF7FEFF 		bl	I2C_MasterSendStop
 255              	.LVL30:
  58:main.c        ****         DS_begintx();
 256              		.loc 1 58 0 discriminator 3
 257 0026 0134     		adds	r4, r4, #1
 258              	.LVL31:
 259 0028 E4B2     		uxtb	r4, r4
 260              	.LVL32:
 261              	.L21:
  58:main.c        ****         DS_begintx();
 262              		.loc 1 58 0 is_stmt 0 discriminator 1
 263 002a 072C     		cmp	r4, #7
 264 002c EBD9     		bls	.L22
  66:main.c        **** 
 265              		.loc 1 66 0 is_stmt 1
 266 002e 10BD     		pop	{r4, pc}
 267              	.LVL33:
 268              	.L25:
 269              		.align	2
 270              	.L24:
 271 0030 00000000 		.word	ds
 272              		.cfi_endproc
 273              	.LFE67:
 274              		.size	DS_get_data, .-DS_get_data
 275              		.section	.text.reloj,"ax",%progbits
 276              		.align	2
 277              		.global	reloj
 278              		.thumb
 279              		.thumb_func
 280              		.type	reloj, %function
 281              	reloj:
 282              	.LFB69:
  87:main.c        ****             break;
  88:main.c        ****         }
  89:main.c        ****         case 'S':
  90:main.c        ****         {
ARM GAS  C:\Users\nikod\AppData\Local\Temp\ccSDDJek.s 			page 8


  91:main.c        ****             
  92:main.c        ****             break;
  93:main.c        ****         }
  94:main.c        ****         
  95:main.c        ****         case 'H':
  96:main.c        ****         {
  97:main.c        ****             break;
  98:main.c        ****         }        
  99:main.c        ****         default:
 100:main.c        ****         {
 101:main.c        ****             
 102:main.c        ****             
 103:main.c        ****             
 104:main.c        ****             break;
 105:main.c        ****         }
 106:main.c        ****     }
 107:main.c        **** }
 108:main.c        **** 
 109:main.c        **** 
 110:main.c        **** void reloj(){
 283              		.loc 1 110 0
 284              		.cfi_startproc
 285              		@ args = 0, pretend = 0, frame = 0
 286              		@ frame_needed = 0, uses_anonymous_args = 0
 287 0000 10B5     		push	{r4, lr}
 288              		.cfi_def_cfa_offset 8
 289              		.cfi_offset 4, -8
 290              		.cfi_offset 14, -4
 111:main.c        ****         LCD_PrintNumber(0x01&(ds.hour>>4));
 291              		.loc 1 111 0
 292 0002 124C     		ldr	r4, .L28
 293 0004 A078     		ldrb	r0, [r4, #2]	@ zero_extendqisi2
 294 0006 C0F30010 		ubfx	r0, r0, #4, #1
 295 000a FFF7FEFF 		bl	LCD_PrintU32Number
 296              	.LVL34:
 112:main.c        ****         LCD_PrintNumber((0b00001111)&ds.hour);
 297              		.loc 1 112 0
 298 000e A078     		ldrb	r0, [r4, #2]	@ zero_extendqisi2
 299 0010 00F00F00 		and	r0, r0, #15
 300 0014 FFF7FEFF 		bl	LCD_PrintU32Number
 301              	.LVL35:
 113:main.c        ****         LCD_PutChar(':');
 302              		.loc 1 113 0
 303 0018 3A20     		movs	r0, #58
 304 001a FFF7FEFF 		bl	LCD_PutChar
 305              	.LVL36:
 114:main.c        ****         LCD_PrintNumber(ds.min>>4);
 306              		.loc 1 114 0
 307 001e 6078     		ldrb	r0, [r4, #1]	@ zero_extendqisi2
 308 0020 0009     		lsrs	r0, r0, #4
 309 0022 FFF7FEFF 		bl	LCD_PrintU32Number
 310              	.LVL37:
 115:main.c        ****         LCD_PrintNumber((0b00001111)&ds.min);
 311              		.loc 1 115 0
 312 0026 6078     		ldrb	r0, [r4, #1]	@ zero_extendqisi2
 313 0028 00F00F00 		and	r0, r0, #15
 314 002c FFF7FEFF 		bl	LCD_PrintU32Number
ARM GAS  C:\Users\nikod\AppData\Local\Temp\ccSDDJek.s 			page 9


 315              	.LVL38:
 116:main.c        ****         LCD_PutChar(':');       
 316              		.loc 1 116 0
 317 0030 3A20     		movs	r0, #58
 318 0032 FFF7FEFF 		bl	LCD_PutChar
 319              	.LVL39:
 117:main.c        ****         LCD_PrintNumber(ds.sec>>4);
 320              		.loc 1 117 0
 321 0036 2078     		ldrb	r0, [r4]	@ zero_extendqisi2
 322 0038 0009     		lsrs	r0, r0, #4
 323 003a FFF7FEFF 		bl	LCD_PrintU32Number
 324              	.LVL40:
 118:main.c        ****         LCD_PrintNumber((0b00001111)&ds.sec);
 325              		.loc 1 118 0
 326 003e 2078     		ldrb	r0, [r4]	@ zero_extendqisi2
 327 0040 00F00F00 		and	r0, r0, #15
 328 0044 FFF7FEFF 		bl	LCD_PrintU32Number
 329              	.LVL41:
 330 0048 10BD     		pop	{r4, pc}
 331              	.L29:
 332 004a 00BF     		.align	2
 333              	.L28:
 334 004c 00000000 		.word	ds
 335              		.cfi_endproc
 336              	.LFE69:
 337              		.size	reloj, .-reloj
 338              		.section	.text.main,"ax",%progbits
 339              		.align	2
 340              		.global	main
 341              		.thumb
 342              		.thumb_func
 343              		.type	main, %function
 344              	main:
 345              	.LFB70:
 119:main.c        **** }
 120:main.c        **** 
 121:main.c        **** int main(void)
 122:main.c        **** {
 346              		.loc 1 122 0
 347              		.cfi_startproc
 348              		@ Volatile: function does not return.
 349              		@ args = 0, pretend = 0, frame = 0
 350              		@ frame_needed = 0, uses_anonymous_args = 0
 351 0000 08B5     		push	{r3, lr}
 352              		.cfi_def_cfa_offset 8
 353              		.cfi_offset 3, -8
 354              		.cfi_offset 14, -4
 123:main.c        ****     
 124:main.c        ****     CyGlobalIntEnable; /* Enable global interrupts. */
 355              		.loc 1 124 0
 356              		.syntax unified
 357              	@ 124 "main.c" 1
 358 0002 62B6     		CPSIE   i
 359              	@ 0 "" 2
 125:main.c        ****     IRQRX_StartEx(InterrupRx);
 360              		.loc 1 125 0
 361              		.thumb
ARM GAS  C:\Users\nikod\AppData\Local\Temp\ccSDDJek.s 			page 10


 362              		.syntax unified
 363 0004 1948     		ldr	r0, .L33
 364 0006 FFF7FEFF 		bl	IRQRX_StartEx
 365              	.LVL42:
 126:main.c        ****     UART_Start();
 366              		.loc 1 126 0
 367 000a FFF7FEFF 		bl	UART_Start
 368              	.LVL43:
 127:main.c        ****     LCD_Start();
 369              		.loc 1 127 0
 370 000e FFF7FEFF 		bl	LCD_Start
 371              	.LVL44:
 128:main.c        ****     I2C_Start();
 372              		.loc 1 128 0
 373 0012 FFF7FEFF 		bl	I2C_Start
 374              	.LVL45:
 129:main.c        ****     PWM_Start();
 375              		.loc 1 129 0
 376 0016 FFF7FEFF 		bl	PWM_Start
 377              	.LVL46:
 130:main.c        ****     ds.hour = 0b00010001;
 378              		.loc 1 130 0
 379 001a 154B     		ldr	r3, .L33+4
 380 001c 1122     		movs	r2, #17
 381 001e 9A70     		strb	r2, [r3, #2]
 131:main.c        ****     ds.min =  0x51;
 382              		.loc 1 131 0
 383 0020 5122     		movs	r2, #81
 384 0022 5A70     		strb	r2, [r3, #1]
 132:main.c        ****     ds.sec =  0x00; //  11:05:30 am
 385              		.loc 1 132 0
 386 0024 0024     		movs	r4, #0
 387 0026 1C70     		strb	r4, [r3]
 133:main.c        ****     ds.date = 0x12; 
 388              		.loc 1 133 0
 389 0028 1222     		movs	r2, #18
 390 002a 1A71     		strb	r2, [r3, #4]
 134:main.c        ****     ds.month = 0x10;
 391              		.loc 1 134 0
 392 002c 1022     		movs	r2, #16
 393 002e 5A71     		strb	r2, [r3, #5]
 135:main.c        ****     ds.year = 0x18; //12 octubre 2018
 394              		.loc 1 135 0
 395 0030 1822     		movs	r2, #24
 396 0032 9A71     		strb	r2, [r3, #6]
 136:main.c        ****     ds.weekDay = 5; // Friday: 5th day of week considering monday as first day.;
 397              		.loc 1 136 0
 398 0034 0522     		movs	r2, #5
 399 0036 DA70     		strb	r2, [r3, #3]
 137:main.c        ****     //DS_init();//Configura 
 138:main.c        ****     //DS_set_data();  
 139:main.c        ****     PINA_Write(0);
 400              		.loc 1 139 0
 401 0038 2046     		mov	r0, r4
 402 003a FFF7FEFF 		bl	PINA_Write
 403              	.LVL47:
 140:main.c        ****     PINB_Write(0);
ARM GAS  C:\Users\nikod\AppData\Local\Temp\ccSDDJek.s 			page 11


 404              		.loc 1 140 0
 405 003e 2046     		mov	r0, r4
 406 0040 FFF7FEFF 		bl	PINB_Write
 407              	.LVL48:
 141:main.c        ****     PINC_Write(0);
 408              		.loc 1 141 0
 409 0044 2046     		mov	r0, r4
 410 0046 FFF7FEFF 		bl	PINC_Write
 411              	.LVL49:
 142:main.c        ****     PIND_Write(0);
 412              		.loc 1 142 0
 413 004a 2046     		mov	r0, r4
 414 004c FFF7FEFF 		bl	PIND_Write
 415              	.LVL50:
 416              	.L31:
 143:main.c        ****         
 144:main.c        ****     for(;;)
 145:main.c        ****     {       
 146:main.c        ****         DS_get_data();     
 417              		.loc 1 146 0 discriminator 1
 418 0050 FFF7FEFF 		bl	DS_get_data
 419              	.LVL51:
 147:main.c        ****         LCD_Position(1,4);
 420              		.loc 1 147 0 discriminator 1
 421 0054 0421     		movs	r1, #4
 422 0056 0120     		movs	r0, #1
 423 0058 FFF7FEFF 		bl	LCD_Position
 424              	.LVL52:
 148:main.c        ****         reloj();
 425              		.loc 1 148 0 discriminator 1
 426 005c FFF7FEFF 		bl	reloj
 427              	.LVL53:
 149:main.c        ****         CyDelay(500);
 428              		.loc 1 149 0 discriminator 1
 429 0060 4FF4FA70 		mov	r0, #500
 430 0064 FFF7FEFF 		bl	CyDelay
 431              	.LVL54:
 432 0068 F2E7     		b	.L31
 433              	.L34:
 434 006a 00BF     		.align	2
 435              	.L33:
 436 006c 00000000 		.word	InterrupRx
 437 0070 00000000 		.word	ds
 438              		.cfi_endproc
 439              	.LFE70:
 440              		.size	main, .-main
 441              		.comm	ds,8,4
 442              		.text
 443              	.Letext0:
 444              		.file 2 "c:\\program files (x86)\\cypress\\psoc creator\\4.2\\psoc creator\\import\\gnu\\arm\\5.4.
 445              		.file 3 "c:\\program files (x86)\\cypress\\psoc creator\\4.2\\psoc creator\\import\\gnu\\arm\\5.4.
 446              		.file 4 "Generated_Source\\PSoC5/cytypes.h"
 447              		.file 5 "Generated_Source\\PSoC5/UART.h"
 448              		.file 6 "Generated_Source\\PSoC5/PINA.h"
 449              		.file 7 "Generated_Source\\PSoC5/PINB.h"
 450              		.file 8 "Generated_Source\\PSoC5/PINC.h"
 451              		.file 9 "Generated_Source\\PSoC5/PIND.h"
ARM GAS  C:\Users\nikod\AppData\Local\Temp\ccSDDJek.s 			page 12


 452              		.file 10 "Generated_Source\\PSoC5/I2C.h"
 453              		.file 11 "Generated_Source\\PSoC5/LCD.h"
 454              		.file 12 "Generated_Source\\PSoC5/IRQRX.h"
 455              		.file 13 "Generated_Source\\PSoC5/PWM.h"
 456              		.file 14 "Generated_Source\\PSoC5/CyLib.h"
 457              		.file 15 "Generated_Source\\PSoC5/core_cm3.h"
 458              		.section	.debug_info,"",%progbits
 459              	.Ldebug_info0:
 460 0000 89050000 		.4byte	0x589
 461 0004 0400     		.2byte	0x4
 462 0006 00000000 		.4byte	.Ldebug_abbrev0
 463 000a 04       		.byte	0x4
 464 000b 01       		.uleb128 0x1
 465 000c A5020000 		.4byte	.LASF57
 466 0010 0C       		.byte	0xc
 467 0011 22020000 		.4byte	.LASF58
 468 0015 61010000 		.4byte	.LASF59
 469 0019 00000000 		.4byte	.Ldebug_ranges0+0
 470 001d 00000000 		.4byte	0
 471 0021 00000000 		.4byte	.Ldebug_line0
 472 0025 02       		.uleb128 0x2
 473 0026 01       		.byte	0x1
 474 0027 06       		.byte	0x6
 475 0028 2B010000 		.4byte	.LASF0
 476 002c 03       		.uleb128 0x3
 477 002d BD000000 		.4byte	.LASF4
 478 0031 02       		.byte	0x2
 479 0032 1D       		.byte	0x1d
 480 0033 37000000 		.4byte	0x37
 481 0037 02       		.uleb128 0x2
 482 0038 01       		.byte	0x1
 483 0039 08       		.byte	0x8
 484 003a 0A010000 		.4byte	.LASF1
 485 003e 02       		.uleb128 0x2
 486 003f 02       		.byte	0x2
 487 0040 05       		.byte	0x5
 488 0041 1B000000 		.4byte	.LASF2
 489 0045 02       		.uleb128 0x2
 490 0046 02       		.byte	0x2
 491 0047 07       		.byte	0x7
 492 0048 B9010000 		.4byte	.LASF3
 493 004c 03       		.uleb128 0x3
 494 004d 57020000 		.4byte	.LASF5
 495 0051 02       		.byte	0x2
 496 0052 3F       		.byte	0x3f
 497 0053 57000000 		.4byte	0x57
 498 0057 02       		.uleb128 0x2
 499 0058 04       		.byte	0x4
 500 0059 05       		.byte	0x5
 501 005a B4000000 		.4byte	.LASF6
 502 005e 02       		.uleb128 0x2
 503 005f 04       		.byte	0x4
 504 0060 07       		.byte	0x7
 505 0061 29020000 		.4byte	.LASF7
 506 0065 02       		.uleb128 0x2
 507 0066 08       		.byte	0x8
 508 0067 05       		.byte	0x5
ARM GAS  C:\Users\nikod\AppData\Local\Temp\ccSDDJek.s 			page 13


 509 0068 A6000000 		.4byte	.LASF8
 510 006c 02       		.uleb128 0x2
 511 006d 08       		.byte	0x8
 512 006e 07       		.byte	0x7
 513 006f 37010000 		.4byte	.LASF9
 514 0073 04       		.uleb128 0x4
 515 0074 04       		.byte	0x4
 516 0075 05       		.byte	0x5
 517 0076 696E7400 		.ascii	"int\000"
 518 007a 02       		.uleb128 0x2
 519 007b 04       		.byte	0x4
 520 007c 07       		.byte	0x7
 521 007d 4E010000 		.4byte	.LASF10
 522 0081 03       		.uleb128 0x3
 523 0082 81000000 		.4byte	.LASF11
 524 0086 03       		.byte	0x3
 525 0087 18       		.byte	0x18
 526 0088 2C000000 		.4byte	0x2c
 527 008c 03       		.uleb128 0x3
 528 008d F9010000 		.4byte	.LASF12
 529 0091 03       		.byte	0x3
 530 0092 2C       		.byte	0x2c
 531 0093 4C000000 		.4byte	0x4c
 532 0097 05       		.uleb128 0x5
 533 0098 89000000 		.4byte	.LASF13
 534 009c 04       		.byte	0x4
 535 009d E401     		.2byte	0x1e4
 536 009f 37000000 		.4byte	0x37
 537 00a3 05       		.uleb128 0x5
 538 00a4 7A000000 		.4byte	.LASF14
 539 00a8 04       		.byte	0x4
 540 00a9 E501     		.2byte	0x1e5
 541 00ab 45000000 		.4byte	0x45
 542 00af 02       		.uleb128 0x2
 543 00b0 04       		.byte	0x4
 544 00b1 04       		.byte	0x4
 545 00b2 A0000000 		.4byte	.LASF15
 546 00b6 02       		.uleb128 0x2
 547 00b7 08       		.byte	0x8
 548 00b8 04       		.byte	0x4
 549 00b9 8B020000 		.4byte	.LASF16
 550 00bd 02       		.uleb128 0x2
 551 00be 01       		.byte	0x1
 552 00bf 08       		.byte	0x8
 553 00c0 E9010000 		.4byte	.LASF17
 554 00c4 02       		.uleb128 0x2
 555 00c5 08       		.byte	0x8
 556 00c6 04       		.byte	0x4
 557 00c7 FE000000 		.4byte	.LASF18
 558 00cb 02       		.uleb128 0x2
 559 00cc 04       		.byte	0x4
 560 00cd 07       		.byte	0x7
 561 00ce 6B020000 		.4byte	.LASF19
 562 00d2 06       		.uleb128 0x6
 563 00d3 07       		.byte	0x7
 564 00d4 01       		.byte	0x1
 565 00d5 10       		.byte	0x10
ARM GAS  C:\Users\nikod\AppData\Local\Temp\ccSDDJek.s 			page 14


 566 00d6 2F010000 		.4byte	0x12f
 567 00da 07       		.uleb128 0x7
 568 00db 73656300 		.ascii	"sec\000"
 569 00df 01       		.byte	0x1
 570 00e0 11       		.byte	0x11
 571 00e1 81000000 		.4byte	0x81
 572 00e5 00       		.byte	0
 573 00e6 07       		.uleb128 0x7
 574 00e7 6D696E00 		.ascii	"min\000"
 575 00eb 01       		.byte	0x1
 576 00ec 12       		.byte	0x12
 577 00ed 81000000 		.4byte	0x81
 578 00f1 01       		.byte	0x1
 579 00f2 08       		.uleb128 0x8
 580 00f3 F9000000 		.4byte	.LASF20
 581 00f7 01       		.byte	0x1
 582 00f8 13       		.byte	0x13
 583 00f9 81000000 		.4byte	0x81
 584 00fd 02       		.byte	0x2
 585 00fe 08       		.uleb128 0x8
 586 00ff 58030000 		.4byte	.LASF21
 587 0103 01       		.byte	0x1
 588 0104 14       		.byte	0x14
 589 0105 81000000 		.4byte	0x81
 590 0109 03       		.byte	0x3
 591 010a 08       		.uleb128 0x8
 592 010b 12020000 		.4byte	.LASF22
 593 010f 01       		.byte	0x1
 594 0110 15       		.byte	0x15
 595 0111 81000000 		.4byte	0x81
 596 0115 04       		.byte	0x4
 597 0116 08       		.uleb128 0x8
 598 0117 0C020000 		.4byte	.LASF23
 599 011b 01       		.byte	0x1
 600 011c 16       		.byte	0x16
 601 011d 81000000 		.4byte	0x81
 602 0121 05       		.byte	0x5
 603 0122 08       		.uleb128 0x8
 604 0123 16000000 		.4byte	.LASF24
 605 0127 01       		.byte	0x1
 606 0128 17       		.byte	0x17
 607 0129 81000000 		.4byte	0x81
 608 012d 06       		.byte	0x6
 609 012e 00       		.byte	0
 610 012f 09       		.uleb128 0x9
 611 0130 08       		.byte	0x8
 612 0131 01       		.byte	0x1
 613 0132 0F       		.byte	0xf
 614 0133 48010000 		.4byte	0x148
 615 0137 0A       		.uleb128 0xa
 616 0138 D2000000 		.4byte	0xd2
 617 013c 0B       		.uleb128 0xb
 618 013d 92020000 		.4byte	.LASF60
 619 0141 01       		.byte	0x1
 620 0142 19       		.byte	0x19
 621 0143 48010000 		.4byte	0x148
 622 0147 00       		.byte	0
ARM GAS  C:\Users\nikod\AppData\Local\Temp\ccSDDJek.s 			page 15


 623 0148 0C       		.uleb128 0xc
 624 0149 81000000 		.4byte	0x81
 625 014d 58010000 		.4byte	0x158
 626 0151 0D       		.uleb128 0xd
 627 0152 CB000000 		.4byte	0xcb
 628 0156 07       		.byte	0x7
 629 0157 00       		.byte	0
 630 0158 03       		.uleb128 0x3
 631 0159 5B010000 		.4byte	.LASF25
 632 015d 01       		.byte	0x1
 633 015e 1A       		.byte	0x1a
 634 015f 2F010000 		.4byte	0x12f
 635 0163 0E       		.uleb128 0xe
 636 0164 A4010000 		.4byte	.LASF26
 637 0168 01       		.byte	0x1
 638 0169 44       		.byte	0x44
 639 016a 00000000 		.4byte	.LFB68
 640 016e 4C000000 		.4byte	.LFE68-.LFB68
 641 0172 01       		.uleb128 0x1
 642 0173 9C       		.byte	0x9c
 643 0174 D9010000 		.4byte	0x1d9
 644 0178 0F       		.uleb128 0xf
 645 0179 3B020000 		.4byte	.LASF29
 646 017d 01       		.byte	0x1
 647 017e 45       		.byte	0x45
 648 017f BD000000 		.4byte	0xbd
 649 0183 00000000 		.4byte	.LLST0
 650 0187 10       		.uleb128 0x10
 651 0188 06000000 		.4byte	.LVL0
 652 018c 8F040000 		.4byte	0x48f
 653 0190 10       		.uleb128 0x10
 654 0191 18000000 		.4byte	.LVL2
 655 0195 9A040000 		.4byte	0x49a
 656 0199 10       		.uleb128 0x10
 657 019a 20000000 		.4byte	.LVL3
 658 019e A5040000 		.4byte	0x4a5
 659 01a2 10       		.uleb128 0x10
 660 01a3 26000000 		.4byte	.LVL4
 661 01a7 B0040000 		.4byte	0x4b0
 662 01ab 10       		.uleb128 0x10
 663 01ac 2E000000 		.4byte	.LVL5
 664 01b0 BB040000 		.4byte	0x4bb
 665 01b4 10       		.uleb128 0x10
 666 01b5 34000000 		.4byte	.LVL6
 667 01b9 C6040000 		.4byte	0x4c6
 668 01bd 10       		.uleb128 0x10
 669 01be 3C000000 		.4byte	.LVL7
 670 01c2 D1040000 		.4byte	0x4d1
 671 01c6 10       		.uleb128 0x10
 672 01c7 42000000 		.4byte	.LVL8
 673 01cb DC040000 		.4byte	0x4dc
 674 01cf 10       		.uleb128 0x10
 675 01d0 4A000000 		.4byte	.LVL9
 676 01d4 E7040000 		.4byte	0x4e7
 677 01d8 00       		.byte	0
 678 01d9 0E       		.uleb128 0xe
 679 01da 56000000 		.4byte	.LASF27
ARM GAS  C:\Users\nikod\AppData\Local\Temp\ccSDDJek.s 			page 16


 680 01de 01       		.byte	0x1
 681 01df 1F       		.byte	0x1f
 682 01e0 00000000 		.4byte	.LFB64
 683 01e4 10000000 		.4byte	.LFE64-.LFB64
 684 01e8 01       		.uleb128 0x1
 685 01e9 9C       		.byte	0x9c
 686 01ea 04020000 		.4byte	0x204
 687 01ee 11       		.uleb128 0x11
 688 01ef 0A000000 		.4byte	.LVL10
 689 01f3 F2040000 		.4byte	0x4f2
 690 01f7 12       		.uleb128 0x12
 691 01f8 01       		.uleb128 0x1
 692 01f9 50       		.byte	0x50
 693 01fa 02       		.uleb128 0x2
 694 01fb 08       		.byte	0x8
 695 01fc 68       		.byte	0x68
 696 01fd 12       		.uleb128 0x12
 697 01fe 01       		.uleb128 0x1
 698 01ff 51       		.byte	0x51
 699 0200 01       		.uleb128 0x1
 700 0201 30       		.byte	0x30
 701 0202 00       		.byte	0
 702 0203 00       		.byte	0
 703 0204 0E       		.uleb128 0xe
 704 0205 2F000000 		.4byte	.LASF28
 705 0209 01       		.byte	0x1
 706 020a 25       		.byte	0x25
 707 020b 00000000 		.4byte	.LFB65
 708 020f 18000000 		.4byte	.LFE65-.LFB65
 709 0213 01       		.uleb128 0x1
 710 0214 9C       		.byte	0x9c
 711 0215 53020000 		.4byte	0x253
 712 0219 10       		.uleb128 0x10
 713 021a 06000000 		.4byte	.LVL11
 714 021e D9010000 		.4byte	0x1d9
 715 0222 13       		.uleb128 0x13
 716 0223 0C000000 		.4byte	.LVL12
 717 0227 FD040000 		.4byte	0x4fd
 718 022b 35020000 		.4byte	0x235
 719 022f 12       		.uleb128 0x12
 720 0230 01       		.uleb128 0x1
 721 0231 50       		.byte	0x50
 722 0232 01       		.uleb128 0x1
 723 0233 37       		.byte	0x37
 724 0234 00       		.byte	0
 725 0235 13       		.uleb128 0x13
 726 0236 12000000 		.4byte	.LVL13
 727 023a FD040000 		.4byte	0x4fd
 728 023e 49020000 		.4byte	0x249
 729 0242 12       		.uleb128 0x12
 730 0243 01       		.uleb128 0x1
 731 0244 50       		.byte	0x50
 732 0245 02       		.uleb128 0x2
 733 0246 09       		.byte	0x9
 734 0247 91       		.byte	0x91
 735 0248 00       		.byte	0
 736 0249 10       		.uleb128 0x10
ARM GAS  C:\Users\nikod\AppData\Local\Temp\ccSDDJek.s 			page 17


 737 024a 16000000 		.4byte	.LVL14
 738 024e 08050000 		.4byte	0x508
 739 0252 00       		.byte	0
 740 0253 14       		.uleb128 0x14
 741 0254 61000000 		.4byte	.LASF30
 742 0258 01       		.byte	0x1
 743 0259 2C       		.byte	0x2c
 744 025a 00000000 		.4byte	.LFB66
 745 025e 2C000000 		.4byte	.LFE66-.LFB66
 746 0262 01       		.uleb128 0x1
 747 0263 9C       		.byte	0x9c
 748 0264 A5020000 		.4byte	0x2a5
 749 0268 15       		.uleb128 0x15
 750 0269 6900     		.ascii	"i\000"
 751 026b 01       		.byte	0x1
 752 026c 2D       		.byte	0x2d
 753 026d 97000000 		.4byte	0x97
 754 0271 13000000 		.4byte	.LLST1
 755 0275 10       		.uleb128 0x10
 756 0276 0A000000 		.4byte	.LVL17
 757 027a D9010000 		.4byte	0x1d9
 758 027e 13       		.uleb128 0x13
 759 027f 10000000 		.4byte	.LVL18
 760 0283 FD040000 		.4byte	0x4fd
 761 0287 92020000 		.4byte	0x292
 762 028b 12       		.uleb128 0x12
 763 028c 01       		.uleb128 0x1
 764 028d 50       		.byte	0x50
 765 028e 02       		.uleb128 0x2
 766 028f 74       		.byte	0x74
 767 0290 00       		.sleb128 0
 768 0291 00       		.byte	0
 769 0292 10       		.uleb128 0x10
 770 0293 18000000 		.4byte	.LVL19
 771 0297 FD040000 		.4byte	0x4fd
 772 029b 10       		.uleb128 0x10
 773 029c 1C000000 		.4byte	.LVL20
 774 02a0 08050000 		.4byte	0x508
 775 02a4 00       		.byte	0
 776 02a5 14       		.uleb128 0x14
 777 02a6 4A000000 		.4byte	.LASF31
 778 02aa 01       		.byte	0x1
 779 02ab 37       		.byte	0x37
 780 02ac 00000000 		.4byte	.LFB67
 781 02b0 34000000 		.4byte	.LFE67-.LFB67
 782 02b4 01       		.uleb128 0x1
 783 02b5 9C       		.byte	0x9c
 784 02b6 1A030000 		.4byte	0x31a
 785 02ba 15       		.uleb128 0x15
 786 02bb 6900     		.ascii	"i\000"
 787 02bd 01       		.byte	0x1
 788 02be 38       		.byte	0x38
 789 02bf 97000000 		.4byte	0x97
 790 02c3 3D000000 		.4byte	.LLST2
 791 02c7 10       		.uleb128 0x10
 792 02c8 0A000000 		.4byte	.LVL26
 793 02cc D9010000 		.4byte	0x1d9
ARM GAS  C:\Users\nikod\AppData\Local\Temp\ccSDDJek.s 			page 18


 794 02d0 13       		.uleb128 0x13
 795 02d1 10000000 		.4byte	.LVL27
 796 02d5 FD040000 		.4byte	0x4fd
 797 02d9 E4020000 		.4byte	0x2e4
 798 02dd 12       		.uleb128 0x12
 799 02de 01       		.uleb128 0x1
 800 02df 50       		.byte	0x50
 801 02e0 02       		.uleb128 0x2
 802 02e1 74       		.byte	0x74
 803 02e2 00       		.sleb128 0
 804 02e3 00       		.byte	0
 805 02e4 13       		.uleb128 0x13
 806 02e5 18000000 		.4byte	.LVL28
 807 02e9 13050000 		.4byte	0x513
 808 02ed FD020000 		.4byte	0x2fd
 809 02f1 12       		.uleb128 0x12
 810 02f2 01       		.uleb128 0x1
 811 02f3 50       		.byte	0x50
 812 02f4 02       		.uleb128 0x2
 813 02f5 08       		.byte	0x8
 814 02f6 68       		.byte	0x68
 815 02f7 12       		.uleb128 0x12
 816 02f8 01       		.uleb128 0x1
 817 02f9 51       		.byte	0x51
 818 02fa 01       		.uleb128 0x1
 819 02fb 31       		.byte	0x31
 820 02fc 00       		.byte	0
 821 02fd 13       		.uleb128 0x13
 822 02fe 1E000000 		.4byte	.LVL29
 823 0302 1E050000 		.4byte	0x51e
 824 0306 10030000 		.4byte	0x310
 825 030a 12       		.uleb128 0x12
 826 030b 01       		.uleb128 0x1
 827 030c 50       		.byte	0x50
 828 030d 01       		.uleb128 0x1
 829 030e 30       		.byte	0x30
 830 030f 00       		.byte	0
 831 0310 10       		.uleb128 0x10
 832 0311 26000000 		.4byte	.LVL30
 833 0315 08050000 		.4byte	0x508
 834 0319 00       		.byte	0
 835 031a 14       		.uleb128 0x14
 836 031b 8F000000 		.4byte	.LASF32
 837 031f 01       		.byte	0x1
 838 0320 6E       		.byte	0x6e
 839 0321 00000000 		.4byte	.LFB69
 840 0325 50000000 		.4byte	.LFE69-.LFB69
 841 0329 01       		.uleb128 0x1
 842 032a 9C       		.byte	0x9c
 843 032b 8E030000 		.4byte	0x38e
 844 032f 10       		.uleb128 0x10
 845 0330 0E000000 		.4byte	.LVL34
 846 0334 29050000 		.4byte	0x529
 847 0338 10       		.uleb128 0x10
 848 0339 18000000 		.4byte	.LVL35
 849 033d 29050000 		.4byte	0x529
 850 0341 13       		.uleb128 0x13
ARM GAS  C:\Users\nikod\AppData\Local\Temp\ccSDDJek.s 			page 19


 851 0342 1E000000 		.4byte	.LVL36
 852 0346 34050000 		.4byte	0x534
 853 034a 55030000 		.4byte	0x355
 854 034e 12       		.uleb128 0x12
 855 034f 01       		.uleb128 0x1
 856 0350 50       		.byte	0x50
 857 0351 02       		.uleb128 0x2
 858 0352 08       		.byte	0x8
 859 0353 3A       		.byte	0x3a
 860 0354 00       		.byte	0
 861 0355 10       		.uleb128 0x10
 862 0356 26000000 		.4byte	.LVL37
 863 035a 29050000 		.4byte	0x529
 864 035e 10       		.uleb128 0x10
 865 035f 30000000 		.4byte	.LVL38
 866 0363 29050000 		.4byte	0x529
 867 0367 13       		.uleb128 0x13
 868 0368 36000000 		.4byte	.LVL39
 869 036c 34050000 		.4byte	0x534
 870 0370 7B030000 		.4byte	0x37b
 871 0374 12       		.uleb128 0x12
 872 0375 01       		.uleb128 0x1
 873 0376 50       		.byte	0x50
 874 0377 02       		.uleb128 0x2
 875 0378 08       		.byte	0x8
 876 0379 3A       		.byte	0x3a
 877 037a 00       		.byte	0
 878 037b 10       		.uleb128 0x10
 879 037c 3E000000 		.4byte	.LVL40
 880 0380 29050000 		.4byte	0x529
 881 0384 10       		.uleb128 0x10
 882 0385 48000000 		.4byte	.LVL41
 883 0389 29050000 		.4byte	0x529
 884 038d 00       		.byte	0
 885 038e 16       		.uleb128 0x16
 886 038f 45000000 		.4byte	.LASF61
 887 0393 01       		.byte	0x1
 888 0394 79       		.byte	0x79
 889 0395 73000000 		.4byte	0x73
 890 0399 00000000 		.4byte	.LFB70
 891 039d 74000000 		.4byte	.LFE70-.LFB70
 892 03a1 01       		.uleb128 0x1
 893 03a2 9C       		.byte	0x9c
 894 03a3 6E040000 		.4byte	0x46e
 895 03a7 13       		.uleb128 0x13
 896 03a8 0A000000 		.4byte	.LVL42
 897 03ac 3F050000 		.4byte	0x53f
 898 03b0 BE030000 		.4byte	0x3be
 899 03b4 12       		.uleb128 0x12
 900 03b5 01       		.uleb128 0x1
 901 03b6 50       		.byte	0x50
 902 03b7 05       		.uleb128 0x5
 903 03b8 03       		.byte	0x3
 904 03b9 00000000 		.4byte	InterrupRx
 905 03bd 00       		.byte	0
 906 03be 10       		.uleb128 0x10
 907 03bf 0E000000 		.4byte	.LVL43
ARM GAS  C:\Users\nikod\AppData\Local\Temp\ccSDDJek.s 			page 20


 908 03c3 4A050000 		.4byte	0x54a
 909 03c7 10       		.uleb128 0x10
 910 03c8 12000000 		.4byte	.LVL44
 911 03cc 55050000 		.4byte	0x555
 912 03d0 10       		.uleb128 0x10
 913 03d1 16000000 		.4byte	.LVL45
 914 03d5 60050000 		.4byte	0x560
 915 03d9 10       		.uleb128 0x10
 916 03da 1A000000 		.4byte	.LVL46
 917 03de 6B050000 		.4byte	0x56b
 918 03e2 13       		.uleb128 0x13
 919 03e3 3E000000 		.4byte	.LVL47
 920 03e7 A5040000 		.4byte	0x4a5
 921 03eb F6030000 		.4byte	0x3f6
 922 03ef 12       		.uleb128 0x12
 923 03f0 01       		.uleb128 0x1
 924 03f1 50       		.byte	0x50
 925 03f2 02       		.uleb128 0x2
 926 03f3 74       		.byte	0x74
 927 03f4 00       		.sleb128 0
 928 03f5 00       		.byte	0
 929 03f6 13       		.uleb128 0x13
 930 03f7 44000000 		.4byte	.LVL48
 931 03fb BB040000 		.4byte	0x4bb
 932 03ff 0A040000 		.4byte	0x40a
 933 0403 12       		.uleb128 0x12
 934 0404 01       		.uleb128 0x1
 935 0405 50       		.byte	0x50
 936 0406 02       		.uleb128 0x2
 937 0407 74       		.byte	0x74
 938 0408 00       		.sleb128 0
 939 0409 00       		.byte	0
 940 040a 13       		.uleb128 0x13
 941 040b 4A000000 		.4byte	.LVL49
 942 040f D1040000 		.4byte	0x4d1
 943 0413 1E040000 		.4byte	0x41e
 944 0417 12       		.uleb128 0x12
 945 0418 01       		.uleb128 0x1
 946 0419 50       		.byte	0x50
 947 041a 02       		.uleb128 0x2
 948 041b 74       		.byte	0x74
 949 041c 00       		.sleb128 0
 950 041d 00       		.byte	0
 951 041e 13       		.uleb128 0x13
 952 041f 50000000 		.4byte	.LVL50
 953 0423 E7040000 		.4byte	0x4e7
 954 0427 32040000 		.4byte	0x432
 955 042b 12       		.uleb128 0x12
 956 042c 01       		.uleb128 0x1
 957 042d 50       		.byte	0x50
 958 042e 02       		.uleb128 0x2
 959 042f 74       		.byte	0x74
 960 0430 00       		.sleb128 0
 961 0431 00       		.byte	0
 962 0432 10       		.uleb128 0x10
 963 0433 54000000 		.4byte	.LVL51
 964 0437 A5020000 		.4byte	0x2a5
ARM GAS  C:\Users\nikod\AppData\Local\Temp\ccSDDJek.s 			page 21


 965 043b 13       		.uleb128 0x13
 966 043c 5C000000 		.4byte	.LVL52
 967 0440 76050000 		.4byte	0x576
 968 0444 53040000 		.4byte	0x453
 969 0448 12       		.uleb128 0x12
 970 0449 01       		.uleb128 0x1
 971 044a 50       		.byte	0x50
 972 044b 01       		.uleb128 0x1
 973 044c 31       		.byte	0x31
 974 044d 12       		.uleb128 0x12
 975 044e 01       		.uleb128 0x1
 976 044f 51       		.byte	0x51
 977 0450 01       		.uleb128 0x1
 978 0451 34       		.byte	0x34
 979 0452 00       		.byte	0
 980 0453 10       		.uleb128 0x10
 981 0454 60000000 		.4byte	.LVL53
 982 0458 1A030000 		.4byte	0x31a
 983 045c 11       		.uleb128 0x11
 984 045d 68000000 		.4byte	.LVL54
 985 0461 81050000 		.4byte	0x581
 986 0465 12       		.uleb128 0x12
 987 0466 01       		.uleb128 0x1
 988 0467 50       		.byte	0x50
 989 0468 03       		.uleb128 0x3
 990 0469 0A       		.byte	0xa
 991 046a F401     		.2byte	0x1f4
 992 046c 00       		.byte	0
 993 046d 00       		.byte	0
 994 046e 17       		.uleb128 0x17
 995 046f 98020000 		.4byte	.LASF33
 996 0473 0F       		.byte	0xf
 997 0474 1207     		.2byte	0x712
 998 0476 7A040000 		.4byte	0x47a
 999 047a 18       		.uleb128 0x18
 1000 047b 8C000000 		.4byte	0x8c
 1001 047f 19       		.uleb128 0x19
 1002 0480 647300   		.ascii	"ds\000"
 1003 0483 01       		.byte	0x1
 1004 0484 1C       		.byte	0x1c
 1005 0485 58010000 		.4byte	0x158
 1006 0489 05       		.uleb128 0x5
 1007 048a 03       		.byte	0x3
 1008 048b 00000000 		.4byte	ds
 1009 048f 1A       		.uleb128 0x1a
 1010 0490 6D000000 		.4byte	.LASF34
 1011 0494 6D000000 		.4byte	.LASF34
 1012 0498 05       		.byte	0x5
 1013 0499 71       		.byte	0x71
 1014 049a 1A       		.uleb128 0x1a
 1015 049b CC010000 		.4byte	.LASF35
 1016 049f CC010000 		.4byte	.LASF35
 1017 04a3 06       		.byte	0x6
 1018 04a4 29       		.byte	0x29
 1019 04a5 1A       		.uleb128 0x1a
 1020 04a6 01020000 		.4byte	.LASF36
 1021 04aa 01020000 		.4byte	.LASF36
ARM GAS  C:\Users\nikod\AppData\Local\Temp\ccSDDJek.s 			page 22


 1022 04ae 06       		.byte	0x6
 1023 04af 26       		.byte	0x26
 1024 04b0 1A       		.uleb128 0x1a
 1025 04b1 81020000 		.4byte	.LASF37
 1026 04b5 81020000 		.4byte	.LASF37
 1027 04b9 07       		.byte	0x7
 1028 04ba 29       		.byte	0x29
 1029 04bb 1A       		.uleb128 0x1a
 1030 04bc 17020000 		.4byte	.LASF38
 1031 04c0 17020000 		.4byte	.LASF38
 1032 04c4 07       		.byte	0x7
 1033 04c5 26       		.byte	0x26
 1034 04c6 1A       		.uleb128 0x1a
 1035 04c7 25000000 		.4byte	.LASF39
 1036 04cb 25000000 		.4byte	.LASF39
 1037 04cf 08       		.byte	0x8
 1038 04d0 29       		.byte	0x29
 1039 04d1 1A       		.uleb128 0x1a
 1040 04d2 95000000 		.4byte	.LASF40
 1041 04d6 95000000 		.4byte	.LASF40
 1042 04da 08       		.byte	0x8
 1043 04db 26       		.byte	0x26
 1044 04dc 1A       		.uleb128 0x1a
 1045 04dd AF010000 		.4byte	.LASF41
 1046 04e1 AF010000 		.4byte	.LASF41
 1047 04e5 09       		.byte	0x9
 1048 04e6 29       		.byte	0x29
 1049 04e7 1A       		.uleb128 0x1a
 1050 04e8 4C020000 		.4byte	.LASF42
 1051 04ec 4C020000 		.4byte	.LASF42
 1052 04f0 09       		.byte	0x9
 1053 04f1 26       		.byte	0x26
 1054 04f2 1A       		.uleb128 0x1a
 1055 04f3 C7000000 		.4byte	.LASF43
 1056 04f7 C7000000 		.4byte	.LASF43
 1057 04fb 0A       		.byte	0xa
 1058 04fc B1       		.byte	0xb1
 1059 04fd 1A       		.uleb128 0x1a
 1060 04fe DB000000 		.4byte	.LASF44
 1061 0502 DB000000 		.4byte	.LASF44
 1062 0506 0A       		.byte	0xa
 1063 0507 B6       		.byte	0xb6
 1064 0508 1A       		.uleb128 0x1a
 1065 0509 45030000 		.4byte	.LASF45
 1066 050d 45030000 		.4byte	.LASF45
 1067 0511 0A       		.byte	0xa
 1068 0512 B5       		.byte	0xb5
 1069 0513 1A       		.uleb128 0x1a
 1070 0514 00000000 		.4byte	.LASF46
 1071 0518 00000000 		.4byte	.LASF46
 1072 051c 0A       		.byte	0xa
 1073 051d B3       		.byte	0xb3
 1074 051e 1A       		.uleb128 0x1a
 1075 051f 18010000 		.4byte	.LASF47
 1076 0523 18010000 		.4byte	.LASF47
 1077 0527 0A       		.byte	0xa
 1078 0528 B7       		.byte	0xb7
ARM GAS  C:\Users\nikod\AppData\Local\Temp\ccSDDJek.s 			page 23


 1079 0529 1A       		.uleb128 0x1a
 1080 052a D6010000 		.4byte	.LASF48
 1081 052e D6010000 		.4byte	.LASF48
 1082 0532 0B       		.byte	0xb
 1083 0533 61       		.byte	0x61
 1084 0534 1A       		.uleb128 0x1a
 1085 0535 40020000 		.4byte	.LASF49
 1086 0539 40020000 		.4byte	.LASF49
 1087 053d 0B       		.byte	0xb
 1088 053e 3E       		.byte	0x3e
 1089 053f 1A       		.uleb128 0x1a
 1090 0540 37000000 		.4byte	.LASF50
 1091 0544 37000000 		.4byte	.LASF50
 1092 0548 0C       		.byte	0xc
 1093 0549 18       		.byte	0x18
 1094 054a 1A       		.uleb128 0x1a
 1095 054b EE010000 		.4byte	.LASF51
 1096 054f EE010000 		.4byte	.LASF51
 1097 0553 05       		.byte	0x5
 1098 0554 54       		.byte	0x54
 1099 0555 1A       		.uleb128 0x1a
 1100 0556 EF000000 		.4byte	.LASF52
 1101 055a EF000000 		.4byte	.LASF52
 1102 055e 0B       		.byte	0xb
 1103 055f 38       		.byte	0x38
 1104 0560 1A       		.uleb128 0x1a
 1105 0561 3B030000 		.4byte	.LASF53
 1106 0565 3B030000 		.4byte	.LASF53
 1107 0569 0A       		.byte	0xa
 1108 056a 93       		.byte	0x93
 1109 056b 1A       		.uleb128 0x1a
 1110 056c 61020000 		.4byte	.LASF54
 1111 0570 61020000 		.4byte	.LASF54
 1112 0574 0D       		.byte	0xd
 1113 0575 92       		.byte	0x92
 1114 0576 1A       		.uleb128 0x1a
 1115 0577 74020000 		.4byte	.LASF55
 1116 057b 74020000 		.4byte	.LASF55
 1117 057f 0B       		.byte	0xb
 1118 0580 3D       		.byte	0x3d
 1119 0581 1A       		.uleb128 0x1a
 1120 0582 33030000 		.4byte	.LASF56
 1121 0586 33030000 		.4byte	.LASF56
 1122 058a 0E       		.byte	0xe
 1123 058b 76       		.byte	0x76
 1124 058c 00       		.byte	0
 1125              		.section	.debug_abbrev,"",%progbits
 1126              	.Ldebug_abbrev0:
 1127 0000 01       		.uleb128 0x1
 1128 0001 11       		.uleb128 0x11
 1129 0002 01       		.byte	0x1
 1130 0003 25       		.uleb128 0x25
 1131 0004 0E       		.uleb128 0xe
 1132 0005 13       		.uleb128 0x13
 1133 0006 0B       		.uleb128 0xb
 1134 0007 03       		.uleb128 0x3
 1135 0008 0E       		.uleb128 0xe
ARM GAS  C:\Users\nikod\AppData\Local\Temp\ccSDDJek.s 			page 24


 1136 0009 1B       		.uleb128 0x1b
 1137 000a 0E       		.uleb128 0xe
 1138 000b 55       		.uleb128 0x55
 1139 000c 17       		.uleb128 0x17
 1140 000d 11       		.uleb128 0x11
 1141 000e 01       		.uleb128 0x1
 1142 000f 10       		.uleb128 0x10
 1143 0010 17       		.uleb128 0x17
 1144 0011 00       		.byte	0
 1145 0012 00       		.byte	0
 1146 0013 02       		.uleb128 0x2
 1147 0014 24       		.uleb128 0x24
 1148 0015 00       		.byte	0
 1149 0016 0B       		.uleb128 0xb
 1150 0017 0B       		.uleb128 0xb
 1151 0018 3E       		.uleb128 0x3e
 1152 0019 0B       		.uleb128 0xb
 1153 001a 03       		.uleb128 0x3
 1154 001b 0E       		.uleb128 0xe
 1155 001c 00       		.byte	0
 1156 001d 00       		.byte	0
 1157 001e 03       		.uleb128 0x3
 1158 001f 16       		.uleb128 0x16
 1159 0020 00       		.byte	0
 1160 0021 03       		.uleb128 0x3
 1161 0022 0E       		.uleb128 0xe
 1162 0023 3A       		.uleb128 0x3a
 1163 0024 0B       		.uleb128 0xb
 1164 0025 3B       		.uleb128 0x3b
 1165 0026 0B       		.uleb128 0xb
 1166 0027 49       		.uleb128 0x49
 1167 0028 13       		.uleb128 0x13
 1168 0029 00       		.byte	0
 1169 002a 00       		.byte	0
 1170 002b 04       		.uleb128 0x4
 1171 002c 24       		.uleb128 0x24
 1172 002d 00       		.byte	0
 1173 002e 0B       		.uleb128 0xb
 1174 002f 0B       		.uleb128 0xb
 1175 0030 3E       		.uleb128 0x3e
 1176 0031 0B       		.uleb128 0xb
 1177 0032 03       		.uleb128 0x3
 1178 0033 08       		.uleb128 0x8
 1179 0034 00       		.byte	0
 1180 0035 00       		.byte	0
 1181 0036 05       		.uleb128 0x5
 1182 0037 16       		.uleb128 0x16
 1183 0038 00       		.byte	0
 1184 0039 03       		.uleb128 0x3
 1185 003a 0E       		.uleb128 0xe
 1186 003b 3A       		.uleb128 0x3a
 1187 003c 0B       		.uleb128 0xb
 1188 003d 3B       		.uleb128 0x3b
 1189 003e 05       		.uleb128 0x5
 1190 003f 49       		.uleb128 0x49
 1191 0040 13       		.uleb128 0x13
 1192 0041 00       		.byte	0
ARM GAS  C:\Users\nikod\AppData\Local\Temp\ccSDDJek.s 			page 25


 1193 0042 00       		.byte	0
 1194 0043 06       		.uleb128 0x6
 1195 0044 13       		.uleb128 0x13
 1196 0045 01       		.byte	0x1
 1197 0046 0B       		.uleb128 0xb
 1198 0047 0B       		.uleb128 0xb
 1199 0048 3A       		.uleb128 0x3a
 1200 0049 0B       		.uleb128 0xb
 1201 004a 3B       		.uleb128 0x3b
 1202 004b 0B       		.uleb128 0xb
 1203 004c 01       		.uleb128 0x1
 1204 004d 13       		.uleb128 0x13
 1205 004e 00       		.byte	0
 1206 004f 00       		.byte	0
 1207 0050 07       		.uleb128 0x7
 1208 0051 0D       		.uleb128 0xd
 1209 0052 00       		.byte	0
 1210 0053 03       		.uleb128 0x3
 1211 0054 08       		.uleb128 0x8
 1212 0055 3A       		.uleb128 0x3a
 1213 0056 0B       		.uleb128 0xb
 1214 0057 3B       		.uleb128 0x3b
 1215 0058 0B       		.uleb128 0xb
 1216 0059 49       		.uleb128 0x49
 1217 005a 13       		.uleb128 0x13
 1218 005b 38       		.uleb128 0x38
 1219 005c 0B       		.uleb128 0xb
 1220 005d 00       		.byte	0
 1221 005e 00       		.byte	0
 1222 005f 08       		.uleb128 0x8
 1223 0060 0D       		.uleb128 0xd
 1224 0061 00       		.byte	0
 1225 0062 03       		.uleb128 0x3
 1226 0063 0E       		.uleb128 0xe
 1227 0064 3A       		.uleb128 0x3a
 1228 0065 0B       		.uleb128 0xb
 1229 0066 3B       		.uleb128 0x3b
 1230 0067 0B       		.uleb128 0xb
 1231 0068 49       		.uleb128 0x49
 1232 0069 13       		.uleb128 0x13
 1233 006a 38       		.uleb128 0x38
 1234 006b 0B       		.uleb128 0xb
 1235 006c 00       		.byte	0
 1236 006d 00       		.byte	0
 1237 006e 09       		.uleb128 0x9
 1238 006f 17       		.uleb128 0x17
 1239 0070 01       		.byte	0x1
 1240 0071 0B       		.uleb128 0xb
 1241 0072 0B       		.uleb128 0xb
 1242 0073 3A       		.uleb128 0x3a
 1243 0074 0B       		.uleb128 0xb
 1244 0075 3B       		.uleb128 0x3b
 1245 0076 0B       		.uleb128 0xb
 1246 0077 01       		.uleb128 0x1
 1247 0078 13       		.uleb128 0x13
 1248 0079 00       		.byte	0
 1249 007a 00       		.byte	0
ARM GAS  C:\Users\nikod\AppData\Local\Temp\ccSDDJek.s 			page 26


 1250 007b 0A       		.uleb128 0xa
 1251 007c 0D       		.uleb128 0xd
 1252 007d 00       		.byte	0
 1253 007e 49       		.uleb128 0x49
 1254 007f 13       		.uleb128 0x13
 1255 0080 00       		.byte	0
 1256 0081 00       		.byte	0
 1257 0082 0B       		.uleb128 0xb
 1258 0083 0D       		.uleb128 0xd
 1259 0084 00       		.byte	0
 1260 0085 03       		.uleb128 0x3
 1261 0086 0E       		.uleb128 0xe
 1262 0087 3A       		.uleb128 0x3a
 1263 0088 0B       		.uleb128 0xb
 1264 0089 3B       		.uleb128 0x3b
 1265 008a 0B       		.uleb128 0xb
 1266 008b 49       		.uleb128 0x49
 1267 008c 13       		.uleb128 0x13
 1268 008d 00       		.byte	0
 1269 008e 00       		.byte	0
 1270 008f 0C       		.uleb128 0xc
 1271 0090 01       		.uleb128 0x1
 1272 0091 01       		.byte	0x1
 1273 0092 49       		.uleb128 0x49
 1274 0093 13       		.uleb128 0x13
 1275 0094 01       		.uleb128 0x1
 1276 0095 13       		.uleb128 0x13
 1277 0096 00       		.byte	0
 1278 0097 00       		.byte	0
 1279 0098 0D       		.uleb128 0xd
 1280 0099 21       		.uleb128 0x21
 1281 009a 00       		.byte	0
 1282 009b 49       		.uleb128 0x49
 1283 009c 13       		.uleb128 0x13
 1284 009d 2F       		.uleb128 0x2f
 1285 009e 0B       		.uleb128 0xb
 1286 009f 00       		.byte	0
 1287 00a0 00       		.byte	0
 1288 00a1 0E       		.uleb128 0xe
 1289 00a2 2E       		.uleb128 0x2e
 1290 00a3 01       		.byte	0x1
 1291 00a4 3F       		.uleb128 0x3f
 1292 00a5 19       		.uleb128 0x19
 1293 00a6 03       		.uleb128 0x3
 1294 00a7 0E       		.uleb128 0xe
 1295 00a8 3A       		.uleb128 0x3a
 1296 00a9 0B       		.uleb128 0xb
 1297 00aa 3B       		.uleb128 0x3b
 1298 00ab 0B       		.uleb128 0xb
 1299 00ac 27       		.uleb128 0x27
 1300 00ad 19       		.uleb128 0x19
 1301 00ae 11       		.uleb128 0x11
 1302 00af 01       		.uleb128 0x1
 1303 00b0 12       		.uleb128 0x12
 1304 00b1 06       		.uleb128 0x6
 1305 00b2 40       		.uleb128 0x40
 1306 00b3 18       		.uleb128 0x18
ARM GAS  C:\Users\nikod\AppData\Local\Temp\ccSDDJek.s 			page 27


 1307 00b4 9742     		.uleb128 0x2117
 1308 00b6 19       		.uleb128 0x19
 1309 00b7 01       		.uleb128 0x1
 1310 00b8 13       		.uleb128 0x13
 1311 00b9 00       		.byte	0
 1312 00ba 00       		.byte	0
 1313 00bb 0F       		.uleb128 0xf
 1314 00bc 34       		.uleb128 0x34
 1315 00bd 00       		.byte	0
 1316 00be 03       		.uleb128 0x3
 1317 00bf 0E       		.uleb128 0xe
 1318 00c0 3A       		.uleb128 0x3a
 1319 00c1 0B       		.uleb128 0xb
 1320 00c2 3B       		.uleb128 0x3b
 1321 00c3 0B       		.uleb128 0xb
 1322 00c4 49       		.uleb128 0x49
 1323 00c5 13       		.uleb128 0x13
 1324 00c6 02       		.uleb128 0x2
 1325 00c7 17       		.uleb128 0x17
 1326 00c8 00       		.byte	0
 1327 00c9 00       		.byte	0
 1328 00ca 10       		.uleb128 0x10
 1329 00cb 898201   		.uleb128 0x4109
 1330 00ce 00       		.byte	0
 1331 00cf 11       		.uleb128 0x11
 1332 00d0 01       		.uleb128 0x1
 1333 00d1 31       		.uleb128 0x31
 1334 00d2 13       		.uleb128 0x13
 1335 00d3 00       		.byte	0
 1336 00d4 00       		.byte	0
 1337 00d5 11       		.uleb128 0x11
 1338 00d6 898201   		.uleb128 0x4109
 1339 00d9 01       		.byte	0x1
 1340 00da 11       		.uleb128 0x11
 1341 00db 01       		.uleb128 0x1
 1342 00dc 31       		.uleb128 0x31
 1343 00dd 13       		.uleb128 0x13
 1344 00de 00       		.byte	0
 1345 00df 00       		.byte	0
 1346 00e0 12       		.uleb128 0x12
 1347 00e1 8A8201   		.uleb128 0x410a
 1348 00e4 00       		.byte	0
 1349 00e5 02       		.uleb128 0x2
 1350 00e6 18       		.uleb128 0x18
 1351 00e7 9142     		.uleb128 0x2111
 1352 00e9 18       		.uleb128 0x18
 1353 00ea 00       		.byte	0
 1354 00eb 00       		.byte	0
 1355 00ec 13       		.uleb128 0x13
 1356 00ed 898201   		.uleb128 0x4109
 1357 00f0 01       		.byte	0x1
 1358 00f1 11       		.uleb128 0x11
 1359 00f2 01       		.uleb128 0x1
 1360 00f3 31       		.uleb128 0x31
 1361 00f4 13       		.uleb128 0x13
 1362 00f5 01       		.uleb128 0x1
 1363 00f6 13       		.uleb128 0x13
ARM GAS  C:\Users\nikod\AppData\Local\Temp\ccSDDJek.s 			page 28


 1364 00f7 00       		.byte	0
 1365 00f8 00       		.byte	0
 1366 00f9 14       		.uleb128 0x14
 1367 00fa 2E       		.uleb128 0x2e
 1368 00fb 01       		.byte	0x1
 1369 00fc 3F       		.uleb128 0x3f
 1370 00fd 19       		.uleb128 0x19
 1371 00fe 03       		.uleb128 0x3
 1372 00ff 0E       		.uleb128 0xe
 1373 0100 3A       		.uleb128 0x3a
 1374 0101 0B       		.uleb128 0xb
 1375 0102 3B       		.uleb128 0x3b
 1376 0103 0B       		.uleb128 0xb
 1377 0104 11       		.uleb128 0x11
 1378 0105 01       		.uleb128 0x1
 1379 0106 12       		.uleb128 0x12
 1380 0107 06       		.uleb128 0x6
 1381 0108 40       		.uleb128 0x40
 1382 0109 18       		.uleb128 0x18
 1383 010a 9742     		.uleb128 0x2117
 1384 010c 19       		.uleb128 0x19
 1385 010d 01       		.uleb128 0x1
 1386 010e 13       		.uleb128 0x13
 1387 010f 00       		.byte	0
 1388 0110 00       		.byte	0
 1389 0111 15       		.uleb128 0x15
 1390 0112 34       		.uleb128 0x34
 1391 0113 00       		.byte	0
 1392 0114 03       		.uleb128 0x3
 1393 0115 08       		.uleb128 0x8
 1394 0116 3A       		.uleb128 0x3a
 1395 0117 0B       		.uleb128 0xb
 1396 0118 3B       		.uleb128 0x3b
 1397 0119 0B       		.uleb128 0xb
 1398 011a 49       		.uleb128 0x49
 1399 011b 13       		.uleb128 0x13
 1400 011c 02       		.uleb128 0x2
 1401 011d 17       		.uleb128 0x17
 1402 011e 00       		.byte	0
 1403 011f 00       		.byte	0
 1404 0120 16       		.uleb128 0x16
 1405 0121 2E       		.uleb128 0x2e
 1406 0122 01       		.byte	0x1
 1407 0123 3F       		.uleb128 0x3f
 1408 0124 19       		.uleb128 0x19
 1409 0125 03       		.uleb128 0x3
 1410 0126 0E       		.uleb128 0xe
 1411 0127 3A       		.uleb128 0x3a
 1412 0128 0B       		.uleb128 0xb
 1413 0129 3B       		.uleb128 0x3b
 1414 012a 0B       		.uleb128 0xb
 1415 012b 27       		.uleb128 0x27
 1416 012c 19       		.uleb128 0x19
 1417 012d 49       		.uleb128 0x49
 1418 012e 13       		.uleb128 0x13
 1419 012f 8701     		.uleb128 0x87
 1420 0131 19       		.uleb128 0x19
ARM GAS  C:\Users\nikod\AppData\Local\Temp\ccSDDJek.s 			page 29


 1421 0132 11       		.uleb128 0x11
 1422 0133 01       		.uleb128 0x1
 1423 0134 12       		.uleb128 0x12
 1424 0135 06       		.uleb128 0x6
 1425 0136 40       		.uleb128 0x40
 1426 0137 18       		.uleb128 0x18
 1427 0138 9742     		.uleb128 0x2117
 1428 013a 19       		.uleb128 0x19
 1429 013b 01       		.uleb128 0x1
 1430 013c 13       		.uleb128 0x13
 1431 013d 00       		.byte	0
 1432 013e 00       		.byte	0
 1433 013f 17       		.uleb128 0x17
 1434 0140 34       		.uleb128 0x34
 1435 0141 00       		.byte	0
 1436 0142 03       		.uleb128 0x3
 1437 0143 0E       		.uleb128 0xe
 1438 0144 3A       		.uleb128 0x3a
 1439 0145 0B       		.uleb128 0xb
 1440 0146 3B       		.uleb128 0x3b
 1441 0147 05       		.uleb128 0x5
 1442 0148 49       		.uleb128 0x49
 1443 0149 13       		.uleb128 0x13
 1444 014a 3F       		.uleb128 0x3f
 1445 014b 19       		.uleb128 0x19
 1446 014c 3C       		.uleb128 0x3c
 1447 014d 19       		.uleb128 0x19
 1448 014e 00       		.byte	0
 1449 014f 00       		.byte	0
 1450 0150 18       		.uleb128 0x18
 1451 0151 35       		.uleb128 0x35
 1452 0152 00       		.byte	0
 1453 0153 49       		.uleb128 0x49
 1454 0154 13       		.uleb128 0x13
 1455 0155 00       		.byte	0
 1456 0156 00       		.byte	0
 1457 0157 19       		.uleb128 0x19
 1458 0158 34       		.uleb128 0x34
 1459 0159 00       		.byte	0
 1460 015a 03       		.uleb128 0x3
 1461 015b 08       		.uleb128 0x8
 1462 015c 3A       		.uleb128 0x3a
 1463 015d 0B       		.uleb128 0xb
 1464 015e 3B       		.uleb128 0x3b
 1465 015f 0B       		.uleb128 0xb
 1466 0160 49       		.uleb128 0x49
 1467 0161 13       		.uleb128 0x13
 1468 0162 3F       		.uleb128 0x3f
 1469 0163 19       		.uleb128 0x19
 1470 0164 02       		.uleb128 0x2
 1471 0165 18       		.uleb128 0x18
 1472 0166 00       		.byte	0
 1473 0167 00       		.byte	0
 1474 0168 1A       		.uleb128 0x1a
 1475 0169 2E       		.uleb128 0x2e
 1476 016a 00       		.byte	0
 1477 016b 3F       		.uleb128 0x3f
ARM GAS  C:\Users\nikod\AppData\Local\Temp\ccSDDJek.s 			page 30


 1478 016c 19       		.uleb128 0x19
 1479 016d 3C       		.uleb128 0x3c
 1480 016e 19       		.uleb128 0x19
 1481 016f 6E       		.uleb128 0x6e
 1482 0170 0E       		.uleb128 0xe
 1483 0171 03       		.uleb128 0x3
 1484 0172 0E       		.uleb128 0xe
 1485 0173 3A       		.uleb128 0x3a
 1486 0174 0B       		.uleb128 0xb
 1487 0175 3B       		.uleb128 0x3b
 1488 0176 0B       		.uleb128 0xb
 1489 0177 00       		.byte	0
 1490 0178 00       		.byte	0
 1491 0179 00       		.byte	0
 1492              		.section	.debug_loc,"",%progbits
 1493              	.Ldebug_loc0:
 1494              	.LLST0:
 1495 0000 06000000 		.4byte	.LVL0
 1496 0004 08000000 		.4byte	.LVL1
 1497 0008 0100     		.2byte	0x1
 1498 000a 50       		.byte	0x50
 1499 000b 00000000 		.4byte	0
 1500 000f 00000000 		.4byte	0
 1501              	.LLST1:
 1502 0013 02000000 		.4byte	.LVL15
 1503 0017 06000000 		.4byte	.LVL16
 1504 001b 0200     		.2byte	0x2
 1505 001d 30       		.byte	0x30
 1506 001e 9F       		.byte	0x9f
 1507 001f 06000000 		.4byte	.LVL16
 1508 0023 1E000000 		.4byte	.LVL21
 1509 0027 0100     		.2byte	0x1
 1510 0029 54       		.byte	0x54
 1511 002a 20000000 		.4byte	.LVL22
 1512 002e 26000000 		.4byte	.LVL23
 1513 0032 0100     		.2byte	0x1
 1514 0034 54       		.byte	0x54
 1515 0035 00000000 		.4byte	0
 1516 0039 00000000 		.4byte	0
 1517              	.LLST2:
 1518 003d 02000000 		.4byte	.LVL24
 1519 0041 06000000 		.4byte	.LVL25
 1520 0045 0200     		.2byte	0x2
 1521 0047 30       		.byte	0x30
 1522 0048 9F       		.byte	0x9f
 1523 0049 06000000 		.4byte	.LVL25
 1524 004d 28000000 		.4byte	.LVL31
 1525 0051 0100     		.2byte	0x1
 1526 0053 54       		.byte	0x54
 1527 0054 2A000000 		.4byte	.LVL32
 1528 0058 30000000 		.4byte	.LVL33
 1529 005c 0100     		.2byte	0x1
 1530 005e 54       		.byte	0x54
 1531 005f 00000000 		.4byte	0
 1532 0063 00000000 		.4byte	0
 1533              		.section	.debug_aranges,"",%progbits
 1534 0000 4C000000 		.4byte	0x4c
ARM GAS  C:\Users\nikod\AppData\Local\Temp\ccSDDJek.s 			page 31


 1535 0004 0200     		.2byte	0x2
 1536 0006 00000000 		.4byte	.Ldebug_info0
 1537 000a 04       		.byte	0x4
 1538 000b 00       		.byte	0
 1539 000c 0000     		.2byte	0
 1540 000e 0000     		.2byte	0
 1541 0010 00000000 		.4byte	.LFB68
 1542 0014 4C000000 		.4byte	.LFE68-.LFB68
 1543 0018 00000000 		.4byte	.LFB64
 1544 001c 10000000 		.4byte	.LFE64-.LFB64
 1545 0020 00000000 		.4byte	.LFB65
 1546 0024 18000000 		.4byte	.LFE65-.LFB65
 1547 0028 00000000 		.4byte	.LFB66
 1548 002c 2C000000 		.4byte	.LFE66-.LFB66
 1549 0030 00000000 		.4byte	.LFB67
 1550 0034 34000000 		.4byte	.LFE67-.LFB67
 1551 0038 00000000 		.4byte	.LFB69
 1552 003c 50000000 		.4byte	.LFE69-.LFB69
 1553 0040 00000000 		.4byte	.LFB70
 1554 0044 74000000 		.4byte	.LFE70-.LFB70
 1555 0048 00000000 		.4byte	0
 1556 004c 00000000 		.4byte	0
 1557              		.section	.debug_ranges,"",%progbits
 1558              	.Ldebug_ranges0:
 1559 0000 00000000 		.4byte	.LFB68
 1560 0004 4C000000 		.4byte	.LFE68
 1561 0008 00000000 		.4byte	.LFB64
 1562 000c 10000000 		.4byte	.LFE64
 1563 0010 00000000 		.4byte	.LFB65
 1564 0014 18000000 		.4byte	.LFE65
 1565 0018 00000000 		.4byte	.LFB66
 1566 001c 2C000000 		.4byte	.LFE66
 1567 0020 00000000 		.4byte	.LFB67
 1568 0024 34000000 		.4byte	.LFE67
 1569 0028 00000000 		.4byte	.LFB69
 1570 002c 50000000 		.4byte	.LFE69
 1571 0030 00000000 		.4byte	.LFB70
 1572 0034 74000000 		.4byte	.LFE70
 1573 0038 00000000 		.4byte	0
 1574 003c 00000000 		.4byte	0
 1575              		.section	.debug_line,"",%progbits
 1576              	.Ldebug_line0:
 1577 0000 AA020000 		.section	.debug_str,"MS",%progbits,1
 1577      0200AF01 
 1577      00000201 
 1577      FB0E0D00 
 1577      01010101 
 1578              	.LASF46:
 1579 0000 4932435F 		.ascii	"I2C_MasterSendRestart\000"
 1579      4D617374 
 1579      65725365 
 1579      6E645265 
 1579      73746172 
 1580              	.LASF24:
 1581 0016 79656172 		.ascii	"year\000"
 1581      00
 1582              	.LASF2:
ARM GAS  C:\Users\nikod\AppData\Local\Temp\ccSDDJek.s 			page 32


 1583 001b 73686F72 		.ascii	"short int\000"
 1583      7420696E 
 1583      7400
 1584              	.LASF39:
 1585 0025 50494E43 		.ascii	"PINC_Read\000"
 1585      5F526561 
 1585      6400
 1586              	.LASF28:
 1587 002f 44535F69 		.ascii	"DS_init\000"
 1587      6E697400 
 1588              	.LASF50:
 1589 0037 49525152 		.ascii	"IRQRX_StartEx\000"
 1589      585F5374 
 1589      61727445 
 1589      7800
 1590              	.LASF61:
 1591 0045 6D61696E 		.ascii	"main\000"
 1591      00
 1592              	.LASF31:
 1593 004a 44535F67 		.ascii	"DS_get_data\000"
 1593      65745F64 
 1593      61746100 
 1594              	.LASF27:
 1595 0056 44535F62 		.ascii	"DS_begintx\000"
 1595      6567696E 
 1595      747800
 1596              	.LASF30:
 1597 0061 44535F73 		.ascii	"DS_set_data\000"
 1597      65745F64 
 1597      61746100 
 1598              	.LASF34:
 1599 006d 55415254 		.ascii	"UART_GetChar\000"
 1599      5F476574 
 1599      43686172 
 1599      00
 1600              	.LASF14:
 1601 007a 75696E74 		.ascii	"uint16\000"
 1601      313600
 1602              	.LASF11:
 1603 0081 75696E74 		.ascii	"uint8_t\000"
 1603      385F7400 
 1604              	.LASF13:
 1605 0089 75696E74 		.ascii	"uint8\000"
 1605      3800
 1606              	.LASF32:
 1607 008f 72656C6F 		.ascii	"reloj\000"
 1607      6A00
 1608              	.LASF40:
 1609 0095 50494E43 		.ascii	"PINC_Write\000"
 1609      5F577269 
 1609      746500
 1610              	.LASF15:
 1611 00a0 666C6F61 		.ascii	"float\000"
 1611      7400
 1612              	.LASF8:
 1613 00a6 6C6F6E67 		.ascii	"long long int\000"
 1613      206C6F6E 
ARM GAS  C:\Users\nikod\AppData\Local\Temp\ccSDDJek.s 			page 33


 1613      6720696E 
 1613      7400
 1614              	.LASF6:
 1615 00b4 6C6F6E67 		.ascii	"long int\000"
 1615      20696E74 
 1615      00
 1616              	.LASF4:
 1617 00bd 5F5F7569 		.ascii	"__uint8_t\000"
 1617      6E74385F 
 1617      7400
 1618              	.LASF43:
 1619 00c7 4932435F 		.ascii	"I2C_MasterSendStart\000"
 1619      4D617374 
 1619      65725365 
 1619      6E645374 
 1619      61727400 
 1620              	.LASF44:
 1621 00db 4932435F 		.ascii	"I2C_MasterWriteByte\000"
 1621      4D617374 
 1621      65725772 
 1621      69746542 
 1621      79746500 
 1622              	.LASF52:
 1623 00ef 4C43445F 		.ascii	"LCD_Start\000"
 1623      53746172 
 1623      7400
 1624              	.LASF20:
 1625 00f9 686F7572 		.ascii	"hour\000"
 1625      00
 1626              	.LASF18:
 1627 00fe 6C6F6E67 		.ascii	"long double\000"
 1627      20646F75 
 1627      626C6500 
 1628              	.LASF1:
 1629 010a 756E7369 		.ascii	"unsigned char\000"
 1629      676E6564 
 1629      20636861 
 1629      7200
 1630              	.LASF47:
 1631 0118 4932435F 		.ascii	"I2C_MasterReadByte\000"
 1631      4D617374 
 1631      65725265 
 1631      61644279 
 1631      746500
 1632              	.LASF0:
 1633 012b 7369676E 		.ascii	"signed char\000"
 1633      65642063 
 1633      68617200 
 1634              	.LASF9:
 1635 0137 6C6F6E67 		.ascii	"long long unsigned int\000"
 1635      206C6F6E 
 1635      6720756E 
 1635      7369676E 
 1635      65642069 
 1636              	.LASF10:
 1637 014e 756E7369 		.ascii	"unsigned int\000"
 1637      676E6564 
ARM GAS  C:\Users\nikod\AppData\Local\Temp\ccSDDJek.s 			page 34


 1637      20696E74 
 1637      00
 1638              	.LASF25:
 1639 015b 7274635F 		.ascii	"rtc_t\000"
 1639      7400
 1640              	.LASF59:
 1641 0161 433A5C55 		.ascii	"C:\\Users\\nikod\\Documents\\PSoC Creator\\Final\\D"
 1641      73657273 
 1641      5C6E696B 
 1641      6F645C44 
 1641      6F63756D 
 1642 018e 6F6D6F74 		.ascii	"omoticaconblink.cydsn\000"
 1642      69636163 
 1642      6F6E626C 
 1642      696E6B2E 
 1642      63796473 
 1643              	.LASF26:
 1644 01a4 496E7465 		.ascii	"InterrupRx\000"
 1644      72727570 
 1644      527800
 1645              	.LASF41:
 1646 01af 50494E44 		.ascii	"PIND_Read\000"
 1646      5F526561 
 1646      6400
 1647              	.LASF3:
 1648 01b9 73686F72 		.ascii	"short unsigned int\000"
 1648      7420756E 
 1648      7369676E 
 1648      65642069 
 1648      6E7400
 1649              	.LASF35:
 1650 01cc 50494E41 		.ascii	"PINA_Read\000"
 1650      5F526561 
 1650      6400
 1651              	.LASF48:
 1652 01d6 4C43445F 		.ascii	"LCD_PrintU32Number\000"
 1652      5072696E 
 1652      74553332 
 1652      4E756D62 
 1652      657200
 1653              	.LASF17:
 1654 01e9 63686172 		.ascii	"char\000"
 1654      00
 1655              	.LASF51:
 1656 01ee 55415254 		.ascii	"UART_Start\000"
 1656      5F537461 
 1656      727400
 1657              	.LASF12:
 1658 01f9 696E7433 		.ascii	"int32_t\000"
 1658      325F7400 
 1659              	.LASF36:
 1660 0201 50494E41 		.ascii	"PINA_Write\000"
 1660      5F577269 
 1660      746500
 1661              	.LASF23:
 1662 020c 6D6F6E74 		.ascii	"month\000"
 1662      6800
ARM GAS  C:\Users\nikod\AppData\Local\Temp\ccSDDJek.s 			page 35


 1663              	.LASF22:
 1664 0212 64617465 		.ascii	"date\000"
 1664      00
 1665              	.LASF38:
 1666 0217 50494E42 		.ascii	"PINB_Write\000"
 1666      5F577269 
 1666      746500
 1667              	.LASF58:
 1668 0222 6D61696E 		.ascii	"main.c\000"
 1668      2E6300
 1669              	.LASF7:
 1670 0229 6C6F6E67 		.ascii	"long unsigned int\000"
 1670      20756E73 
 1670      69676E65 
 1670      6420696E 
 1670      7400
 1671              	.LASF29:
 1672 023b 6461746F 		.ascii	"dato\000"
 1672      00
 1673              	.LASF49:
 1674 0240 4C43445F 		.ascii	"LCD_PutChar\000"
 1674      50757443 
 1674      68617200 
 1675              	.LASF42:
 1676 024c 50494E44 		.ascii	"PIND_Write\000"
 1676      5F577269 
 1676      746500
 1677              	.LASF5:
 1678 0257 5F5F696E 		.ascii	"__int32_t\000"
 1678      7433325F 
 1678      7400
 1679              	.LASF54:
 1680 0261 50574D5F 		.ascii	"PWM_Start\000"
 1680      53746172 
 1680      7400
 1681              	.LASF19:
 1682 026b 73697A65 		.ascii	"sizetype\000"
 1682      74797065 
 1682      00
 1683              	.LASF55:
 1684 0274 4C43445F 		.ascii	"LCD_Position\000"
 1684      506F7369 
 1684      74696F6E 
 1684      00
 1685              	.LASF37:
 1686 0281 50494E42 		.ascii	"PINB_Read\000"
 1686      5F526561 
 1686      6400
 1687              	.LASF16:
 1688 028b 646F7562 		.ascii	"double\000"
 1688      6C6500
 1689              	.LASF60:
 1690 0292 6461746F 		.ascii	"datos\000"
 1690      7300
 1691              	.LASF33:
 1692 0298 49544D5F 		.ascii	"ITM_RxBuffer\000"
 1692      52784275 
ARM GAS  C:\Users\nikod\AppData\Local\Temp\ccSDDJek.s 			page 36


 1692      66666572 
 1692      00
 1693              	.LASF57:
 1694 02a5 474E5520 		.ascii	"GNU C11 5.4.1 20160609 (release) [ARM/embedded-5-br"
 1694      43313120 
 1694      352E342E 
 1694      31203230 
 1694      31363036 
 1695 02d8 616E6368 		.ascii	"anch revision 237715] -mcpu=cortex-m3 -mthumb -g -O"
 1695      20726576 
 1695      6973696F 
 1695      6E203233 
 1695      37373135 
 1696 030b 67202D66 		.ascii	"g -ffunction-sections -ffat-lto-objects\000"
 1696      66756E63 
 1696      74696F6E 
 1696      2D736563 
 1696      74696F6E 
 1697              	.LASF56:
 1698 0333 43794465 		.ascii	"CyDelay\000"
 1698      6C617900 
 1699              	.LASF53:
 1700 033b 4932435F 		.ascii	"I2C_Start\000"
 1700      53746172 
 1700      7400
 1701              	.LASF45:
 1702 0345 4932435F 		.ascii	"I2C_MasterSendStop\000"
 1702      4D617374 
 1702      65725365 
 1702      6E645374 
 1702      6F7000
 1703              	.LASF21:
 1704 0358 7765656B 		.ascii	"weekDay\000"
 1704      44617900 
 1705              		.ident	"GCC: (GNU Tools for ARM Embedded Processors) 5.4.1 20160609 (release) [ARM/embedded-5-bran
